CompileCommand: exclude com/intellij/openapi/vfs/impl/FilePartNodeRoot.trieDescend bool exclude = true
<<<<<<< HEAD
2024-09-20 08:34:54,095 [     95]   WARN - #c.i.i.p.PluginManager - <resource-bundle>com.jetbrains.webstorm.WebstormBundle</resource-bundle> tag is found in an xml descriptor included into the platform part of the IDE but the platform part uses predefined bundles (e.g. ActionsBundle for actions) anyway; this tag must be replaced by a corresponding attribute in some inner tags (e.g. by 'resource-bundle' attribute in 'actions' tag)
2024-09-20 08:34:55,178 [   1178]   WARN - #c.i.s.ComponentManagerImpl - com.intellij.platform.ide.menu.GlobalMenuLinux <clinit> requests com.intellij.openapi.application.Experiments instance. Class initialization must not depend on services. Consider using instance of the service on-demand instead.
2024-09-20 08:34:56,900 [   2900]   WARN - #c.i.s.ComponentManagerImpl - com.intellij.psi.search.scope.TestsScope <clinit> requests com.mallowigi.config.select.AtomSelectConfig instance. Class initialization must not depend on services. Consider using instance of the service on-demand instead.
2024-09-20 08:34:59,035 [   5035]   WARN - #c.i.s.ComponentManagerImpl - com.intellij.ui.jcef.JBCefApp$Holder <clinit> requests com.intellij.ui.jcef.JBCefAppCache instance. Class initialization must not depend on services. Consider using instance of the service on-demand instead.

(java:37870): Gtk-WARNING **: 08:34:59.313: gtk_disable_setlocale() must be called before gtk_init()
2024-09-20 08:35:54,372 [  60372]   WARN - #c.i.u.x.Binding - No accessors for com.intellij.toolWindow.ToolWindowLayoutStorageManagerState. This means that state class cannot be serialized properly. Please see https://jb.gg/ij-psoc
2024-09-20 08:36:34,927 [ 100927]   WARN - #c.i.o.a.ExperimentalFeatureImpl - Feature 'typescript.compiler.evaluation' is disabled in Release. Set 'percentOfUsers' to 100% to enable in Release.
2024-09-20 08:44:47,308 [ 593308]   WARN - #c.i.u.x.Binding - No accessors for org.jetbrains.security.package.Package. This means that state class cannot be serialized properly. Please see https://jb.gg/ij-psoc
2024-09-20 09:41:03,326 [3969326]   WARN - #git4idea.annotate.GitAnnotationProvider - Git annotations are empty for file /home/bogota/school/croatie/Croatia-Front-end/CFE-index.html in revision 381b3f39626f0bfca43714189c5426853db57543
2024-09-20 09:41:19,520 [3985520]   WARN - #git4idea.annotate.GitAnnotationProvider - Git annotations are empty for file /home/bogota/school/croatie/Croatia-Front-end/pages/CFE-product-overview.html in revision fd59641b80705645393f5626f43c460764dda6f9
2024-09-20 09:41:20,569 [3986569]   WARN - #git4idea.annotate.GitAnnotationProvider - Git annotations are empty for file /home/bogota/school/croatie/Croatia-Front-end/pages/CFE-home.html in revision fd59641b80705645393f5626f43c460764dda6f9
2024-09-20 09:41:20,580 [3986580]   WARN - #git4idea.annotate.GitAnnotationProvider - Git annotations are empty for file /home/bogota/school/croatie/Croatia-Front-end/pages/CFE-add-product.html in revision fd59641b80705645393f5626f43c460764dda6f9
2024-09-20 09:41:20,588 [3986588]   WARN - #git4idea.annotate.GitAnnotationProvider - Git annotations are empty for file /home/bogota/school/croatie/Croatia-Front-end/pages/CFE-account-and-settings.html in revision fd59641b80705645393f5626f43c460764dda6f9
2024-09-20 09:42:05,321 [4031321]   WARN - #c.i.s.ComponentManagerImpl - com.intellij.usages.UsageNodePresentation <clinit> requests com.intellij.usageView.UsageTreeColorsScheme instance. Class initialization must not depend on services. Consider using instance of the service on-demand instead.
2024-09-20 09:45:21,209 [4227209]   WARN - #c.i.u.i.CachedImageIcon - Cannot get reflective icon (path=JavaScriptPsiIcons.FileTypes.TypeScriptFile)
java.lang.ClassNotFoundException: icons.JavaScriptPsiIcons$FileTypes
	at com.intellij.util.lang.UrlClassLoader.findClass(UrlClassLoader.java:248)
	at java.base/java.lang.ClassLoader.loadClass(ClassLoader.java:592)
	at java.base/java.lang.ClassLoader.loadClass(ClassLoader.java:525)
	at com.intellij.ui.icons.ImageDataByPathLoaderKt.getReflectiveIcon(ImageDataByPathLoader.kt:170)
	at com.intellij.openapi.util.IconLoaderKt.findIconUsingDeprecatedImplementation(IconLoader.kt:369)
	at com.intellij.openapi.util.IconLoaderKt.findIconUsingDeprecatedImplementation$default(IconLoader.kt:354)
	at com.intellij.openapi.util.IconLoader.findIcon(IconLoader.kt:147)
	at com.intellij.util.ui.ExtendableHTMLViewFactory$Extensions$IconsExtension.getIcon(ExtendableHTMLViewFactory.kt:181)
	at com.intellij.util.ui.ExtendableHTMLViewFactory$Extensions$IconsExtension.invoke(ExtendableHTMLViewFactory.kt:172)
	at com.intellij.util.ui.ExtendableHTMLViewFactory$Extensions$IconsExtension.invoke(ExtendableHTMLViewFactory.kt:165)
	at com.intellij.util.ui.ExtendableHTMLViewFactory.create(ExtendableHTMLViewFactory.kt:41)
	at java.desktop/javax.swing.text.html.TableView.create(TableView.java:942)
	at java.desktop/javax.swing.text.CompositeView.loadChildren(CompositeView.java:112)
	at java.desktop/javax.swing.text.FlowView$LogicalView.loadChildren(FlowView.java:731)
	at java.desktop/javax.swing.text.CompositeView.setParent(CompositeView.java:139)
	at java.desktop/javax.swing.text.FlowView.loadChildren(FlowView.java:147)
	at java.desktop/javax.swing.text.CompositeView.setParent(CompositeView.java:139)
	at java.desktop/javax.swing.text.FlowView.setParent(FlowView.java:306)
	at java.desktop/javax.swing.text.html.ParagraphView.setParent(ParagraphView.java:75)
	at java.desktop/javax.swing.text.CompositeView.replace(CompositeView.java:219)
	at java.desktop/javax.swing.text.BoxView.replace(BoxView.java:182)
	at java.desktop/javax.swing.text.CompositeView.loadChildren(CompositeView.java:114)
	at java.desktop/javax.swing.text.CompositeView.setParent(CompositeView.java:139)
	at java.desktop/javax.swing.text.html.BlockView.setParent(BlockView.java:72)
	at java.desktop/javax.swing.text.CompositeView.replace(CompositeView.java:219)
	at java.desktop/javax.swing.text.BoxView.replace(BoxView.java:182)
	at java.desktop/javax.swing.text.html.TableView$RowView.replace(TableView.java:1474)
	at java.desktop/javax.swing.text.CompositeView.loadChildren(CompositeView.java:114)
	at java.desktop/javax.swing.text.CompositeView.setParent(CompositeView.java:139)
	at java.desktop/javax.swing.text.CompositeView.replace(CompositeView.java:219)
	at java.desktop/javax.swing.text.BoxView.replace(BoxView.java:182)
	at java.desktop/javax.swing.text.html.TableView.replace(TableView.java:913)
	at java.desktop/javax.swing.text.CompositeView.loadChildren(CompositeView.java:114)
	at java.desktop/javax.swing.text.CompositeView.setParent(CompositeView.java:139)
	at java.desktop/javax.swing.text.html.TableView.setParent(TableView.java:817)
	at java.desktop/javax.swing.text.CompositeView.replace(CompositeView.java:219)
	at java.desktop/javax.swing.text.BoxView.replace(BoxView.java:182)
	at java.desktop/javax.swing.text.CompositeView.loadChildren(CompositeView.java:114)
	at java.desktop/javax.swing.text.CompositeView.setParent(CompositeView.java:139)
	at java.desktop/javax.swing.text.html.BlockView.setParent(BlockView.java:72)
	at java.desktop/javax.swing.text.html.HTMLEditorKit$HTMLFactory$BodyBlockView.setParent(HTMLEditorKit.java:1476)
	at java.desktop/javax.swing.text.CompositeView.replace(CompositeView.java:219)
	at java.desktop/javax.swing.text.BoxView.replace(BoxView.java:182)
	at java.desktop/javax.swing.text.View.updateChildren(View.java:1129)
	at java.desktop/javax.swing.text.View.insertUpdate(View.java:708)
	at java.desktop/javax.swing.plaf.basic.BasicTextUI$RootView.insertUpdate(BasicTextUI.java:1714)
	at java.desktop/javax.swing.plaf.basic.BasicTextUI$UpdateHandler.insertUpdate(BasicTextUI.java:1996)
	at java.desktop/javax.swing.text.AbstractDocument.fireInsertUpdate(AbstractDocument.java:226)
	at java.desktop/javax.swing.text.DefaultStyledDocument.create(DefaultStyledDocument.java:160)
	at java.desktop/javax.swing.text.html.HTMLDocument.create(HTMLDocument.java:472)
	at java.desktop/javax.swing.text.html.HTMLDocument$HTMLReader.flushBuffer(HTMLDocument.java:4033)
	at java.desktop/javax.swing.text.html.HTMLDocument$HTMLReader.flush(HTMLDocument.java:2742)
	at java.desktop/javax.swing.text.html.HTMLEditorKit.read(HTMLEditorKit.java:265)
	at java.desktop/javax.swing.JEditorPane.setText(JEditorPane.java:1484)
	at com.intellij.codeInsight.documentation.DocumentationEditorPane.setText(DocumentationEditorPane.java:126)
	at com.intellij.lang.documentation.ide.ui.DocumentationUI.updateContent(DocumentationUI.kt:272)
	at com.intellij.lang.documentation.ide.ui.DocumentationUI.handleContent(DocumentationUI.kt:233)
	at com.intellij.lang.documentation.ide.ui.DocumentationUI.handleContent(DocumentationUI.kt:223)
	at com.intellij.lang.documentation.ide.ui.DocumentationUI.access$handleContent(DocumentationUI.kt:53)
	at com.intellij.lang.documentation.ide.ui.DocumentationUI$handlePage$2.invokeSuspend(DocumentationUI.kt:195)
	at com.intellij.lang.documentation.ide.ui.DocumentationUI$handlePage$2.invoke(DocumentationUI.kt)
	at com.intellij.lang.documentation.ide.ui.DocumentationUI$handlePage$2.invoke(DocumentationUI.kt)
	at kotlinx.coroutines.flow.FlowKt__MergeKt$mapLatest$1.invokeSuspend(Merge.kt:217)
	at kotlinx.coroutines.flow.FlowKt__MergeKt$mapLatest$1.invoke(Merge.kt)
	at kotlinx.coroutines.flow.FlowKt__MergeKt$mapLatest$1.invoke(Merge.kt)
	at kotlinx.coroutines.flow.internal.ChannelFlowTransformLatest$flowCollect$3$1$2.invokeSuspend(Merge.kt:34)
	at kotlinx.coroutines.flow.internal.ChannelFlowTransformLatest$flowCollect$3$1$2.invoke(Merge.kt)
	at kotlinx.coroutines.flow.internal.ChannelFlowTransformLatest$flowCollect$3$1$2.invoke(Merge.kt)
	at kotlinx.coroutines.intrinsics.UndispatchedKt.startCoroutineUndispatched(Undispatched.kt:44)
	at kotlinx.coroutines.CoroutineStart.invoke(CoroutineStart.kt:112)
	at kotlinx.coroutines.AbstractCoroutine.start(AbstractCoroutine.kt:126)
	at kotlinx.coroutines.BuildersKt__Builders_commonKt.launch(Builders.common.kt:56)
	at kotlinx.coroutines.BuildersKt.launch(Unknown Source)
	at kotlinx.coroutines.BuildersKt__Builders_commonKt.launch$default(Builders.common.kt:47)
	at kotlinx.coroutines.BuildersKt.launch$default(Unknown Source)
	at kotlinx.coroutines.flow.internal.ChannelFlowTransformLatest$flowCollect$3$1.emit(Merge.kt:33)
	at kotlinx.coroutines.flow.StateFlowImpl.collect(StateFlow.kt:396)
	at kotlinx.coroutines.flow.ReadonlySharedFlow.collect(Share.kt)
	at kotlinx.coroutines.flow.internal.ChannelFlowTransformLatest$flowCollect$3.invokeSuspend(Merge.kt:27)
	at kotlinx.coroutines.flow.internal.ChannelFlowTransformLatest$flowCollect$3.invoke(Merge.kt)
	at kotlinx.coroutines.flow.internal.ChannelFlowTransformLatest$flowCollect$3.invoke(Merge.kt)
	at kotlinx.coroutines.intrinsics.UndispatchedKt.startUndispatchedOrReturn(Undispatched.kt:78)
	at kotlinx.coroutines.CoroutineScopeKt.coroutineScope(CoroutineScope.kt:264)
	at kotlinx.coroutines.flow.internal.ChannelFlowTransformLatest.flowCollect(Merge.kt:25)
	at kotlinx.coroutines.flow.internal.ChannelFlowOperator.collectTo$suspendImpl(ChannelFlow.kt:157)
	at kotlinx.coroutines.flow.internal.ChannelFlowOperator.collectTo(ChannelFlow.kt)
	at kotlinx.coroutines.flow.internal.ChannelFlow$collectToFun$1.invokeSuspend(ChannelFlow.kt:60)
	at kotlin.coroutines.jvm.internal.BaseContinuationImpl.resumeWith(ContinuationImpl.kt:33)
	at kotlinx.coroutines.DispatchedTask.run(DispatchedTask.kt:108)
	at com.intellij.openapi.application.impl.DispatchedRunnable.run(DispatchedRunnable.kt:43)
	at com.intellij.openapi.application.TransactionGuardImpl.runWithWritingAllowed(TransactionGuardImpl.java:209)
	at com.intellij.openapi.application.TransactionGuardImpl.access$100(TransactionGuardImpl.java:22)
	at com.intellij.openapi.application.TransactionGuardImpl$1.run(TransactionGuardImpl.java:191)
	at com.intellij.openapi.application.impl.RwLockHolder.runIntendedWriteActionOnCurrentThread(RwLockHolder.kt:204)
	at com.intellij.openapi.application.impl.ApplicationImpl.runIntendedWriteActionOnCurrentThread(ApplicationImpl.java:830)
	at com.intellij.openapi.application.impl.ApplicationImpl$2.run(ApplicationImpl.java:419)
	at com.intellij.openapi.application.impl.RwLockHolder.runWithEnabledImplicitRead(RwLockHolder.kt:138)
	at com.intellij.openapi.application.impl.RwLockHolder.runWithImplicitRead(RwLockHolder.kt:129)
	at com.intellij.openapi.application.impl.ApplicationImpl.runWithImplicitRead(ApplicationImpl.java:1152)
	at com.intellij.openapi.application.impl.FlushQueue.doRun(FlushQueue.java:81)
	at com.intellij.openapi.application.impl.FlushQueue.runNextEvent(FlushQueue.java:123)
	at com.intellij.openapi.application.impl.FlushQueue.flushNow(FlushQueue.java:43)
	at java.desktop/java.awt.event.InvocationEvent.dispatch(InvocationEvent.java:318)
	at java.desktop/java.awt.EventQueue.dispatchEventImpl(EventQueue.java:792)
	at java.desktop/java.awt.EventQueue$3.run(EventQueue.java:739)
	at java.desktop/java.awt.EventQueue$3.run(EventQueue.java:733)
	at java.base/java.security.AccessController.doPrivileged(AccessController.java:399)
	at java.base/java.security.ProtectionDomain$JavaSecurityAccessImpl.doIntersectionPrivilege(ProtectionDomain.java:86)
	at java.desktop/java.awt.EventQueue.dispatchEvent(EventQueue.java:761)
	at com.intellij.ide.IdeEventQueue.defaultDispatchEvent(IdeEventQueue.kt:699)
	at com.intellij.ide.IdeEventQueue._dispatchEvent$lambda$12(IdeEventQueue.kt:593)
	at com.intellij.openapi.application.impl.RwLockHolder.runWithoutImplicitRead(RwLockHolder.kt:105)
	at com.intellij.ide.IdeEventQueue._dispatchEvent(IdeEventQueue.kt:593)
	at com.intellij.ide.IdeEventQueue.access$_dispatchEvent(IdeEventQueue.kt:77)
	at com.intellij.ide.IdeEventQueue$dispatchEvent$processEventRunnable$1$1$1.compute(IdeEventQueue.kt:362)
	at com.intellij.ide.IdeEventQueue$dispatchEvent$processEventRunnable$1$1$1.compute(IdeEventQueue.kt:361)
	at com.intellij.openapi.progress.impl.CoreProgressManager.computePrioritized(CoreProgressManager.java:843)
	at com.intellij.ide.IdeEventQueue$dispatchEvent$processEventRunnable$1$1.invoke(IdeEventQueue.kt:361)
	at com.intellij.ide.IdeEventQueue$dispatchEvent$processEventRunnable$1$1.invoke(IdeEventQueue.kt:356)
	at com.intellij.ide.IdeEventQueueKt.performActivity$lambda$1(IdeEventQueue.kt:1022)
	at com.intellij.openapi.application.TransactionGuardImpl.performActivity(TransactionGuardImpl.java:106)
	at com.intellij.ide.IdeEventQueueKt.performActivity(IdeEventQueue.kt:1022)
	at com.intellij.ide.IdeEventQueue.dispatchEvent$lambda$7(IdeEventQueue.kt:356)
	at com.intellij.openapi.application.impl.RwLockHolder.runIntendedWriteActionOnCurrentThread(RwLockHolder.kt:209)
	at com.intellij.openapi.application.impl.ApplicationImpl.runIntendedWriteActionOnCurrentThread(ApplicationImpl.java:830)
	at com.intellij.ide.IdeEventQueue.dispatchEvent(IdeEventQueue.kt:398)
	at java.desktop/java.awt.EventDispatchThread.pumpOneEventForFilters(EventDispatchThread.java:207)
	at java.desktop/java.awt.EventDispatchThread.pumpEventsForFilter(EventDispatchThread.java:128)
	at java.desktop/java.awt.EventDispatchThread.pumpEventsForHierarchy(EventDispatchThread.java:117)
	at java.desktop/java.awt.EventDispatchThread.pumpEvents(EventDispatchThread.java:113)
	at java.desktop/java.awt.EventDispatchThread.pumpEvents(EventDispatchThread.java:105)
	at java.desktop/java.awt.EventDispatchThread.run(EventDispatchThread.java:92)
2024-09-20 09:45:21,240 [4227240]   WARN - #c.i.u.i.CachedImageIcon - Cannot get reflective icon (path=JavaScriptPsiIcons.FileTypes.TypeScriptFile)
java.lang.ClassNotFoundException: icons.JavaScriptPsiIcons$FileTypes
	at com.intellij.util.lang.UrlClassLoader.findClass(UrlClassLoader.java:248)
	at java.base/java.lang.ClassLoader.loadClass(ClassLoader.java:592)
	at java.base/java.lang.ClassLoader.loadClass(ClassLoader.java:525)
	at com.intellij.ui.icons.ImageDataByPathLoaderKt.getReflectiveIcon(ImageDataByPathLoader.kt:170)
	at com.intellij.openapi.util.IconLoaderKt.findIconUsingDeprecatedImplementation(IconLoader.kt:369)
	at com.intellij.openapi.util.IconLoaderKt.findIconUsingDeprecatedImplementation$default(IconLoader.kt:354)
	at com.intellij.openapi.util.IconLoader.findIcon(IconLoader.kt:147)
	at com.intellij.util.ui.ExtendableHTMLViewFactory$Extensions$IconsExtension.getIcon(ExtendableHTMLViewFactory.kt:181)
	at com.intellij.util.ui.ExtendableHTMLViewFactory$Extensions$IconsExtension.invoke(ExtendableHTMLViewFactory.kt:172)
	at com.intellij.util.ui.ExtendableHTMLViewFactory$Extensions$IconsExtension.invoke(ExtendableHTMLViewFactory.kt:165)
	at com.intellij.util.ui.ExtendableHTMLViewFactory.create(ExtendableHTMLViewFactory.kt:41)
	at java.desktop/javax.swing.text.html.TableView.create(TableView.java:942)
	at java.desktop/javax.swing.text.CompositeView.loadChildren(CompositeView.java:112)
	at java.desktop/javax.swing.text.FlowView$LogicalView.loadChildren(FlowView.java:731)
	at java.desktop/javax.swing.text.CompositeView.setParent(CompositeView.java:139)
	at java.desktop/javax.swing.text.FlowView.loadChildren(FlowView.java:147)
	at java.desktop/javax.swing.text.CompositeView.setParent(CompositeView.java:139)
	at java.desktop/javax.swing.text.FlowView.setParent(FlowView.java:306)
	at java.desktop/javax.swing.text.html.ParagraphView.setParent(ParagraphView.java:75)
	at java.desktop/javax.swing.text.CompositeView.replace(CompositeView.java:219)
	at java.desktop/javax.swing.text.BoxView.replace(BoxView.java:182)
	at java.desktop/javax.swing.text.CompositeView.loadChildren(CompositeView.java:114)
	at java.desktop/javax.swing.text.CompositeView.setParent(CompositeView.java:139)
	at java.desktop/javax.swing.text.html.BlockView.setParent(BlockView.java:72)
	at java.desktop/javax.swing.text.CompositeView.replace(CompositeView.java:219)
	at java.desktop/javax.swing.text.BoxView.replace(BoxView.java:182)
	at java.desktop/javax.swing.text.html.TableView$RowView.replace(TableView.java:1474)
	at java.desktop/javax.swing.text.CompositeView.loadChildren(CompositeView.java:114)
	at java.desktop/javax.swing.text.CompositeView.setParent(CompositeView.java:139)
	at java.desktop/javax.swing.text.CompositeView.replace(CompositeView.java:219)
	at java.desktop/javax.swing.text.BoxView.replace(BoxView.java:182)
	at java.desktop/javax.swing.text.html.TableView.replace(TableView.java:913)
	at java.desktop/javax.swing.text.CompositeView.loadChildren(CompositeView.java:114)
	at java.desktop/javax.swing.text.CompositeView.setParent(CompositeView.java:139)
	at java.desktop/javax.swing.text.html.TableView.setParent(TableView.java:817)
	at java.desktop/javax.swing.text.CompositeView.replace(CompositeView.java:219)
	at java.desktop/javax.swing.text.BoxView.replace(BoxView.java:182)
	at java.desktop/javax.swing.text.CompositeView.loadChildren(CompositeView.java:114)
	at java.desktop/javax.swing.text.CompositeView.setParent(CompositeView.java:139)
	at java.desktop/javax.swing.text.html.BlockView.setParent(BlockView.java:72)
	at java.desktop/javax.swing.text.html.HTMLEditorKit$HTMLFactory$BodyBlockView.setParent(HTMLEditorKit.java:1476)
	at java.desktop/javax.swing.text.CompositeView.replace(CompositeView.java:219)
	at java.desktop/javax.swing.text.BoxView.replace(BoxView.java:182)
	at java.desktop/javax.swing.text.View.updateChildren(View.java:1129)
	at java.desktop/javax.swing.text.View.insertUpdate(View.java:708)
	at java.desktop/javax.swing.plaf.basic.BasicTextUI$RootView.insertUpdate(BasicTextUI.java:1714)
	at java.desktop/javax.swing.plaf.basic.BasicTextUI$UpdateHandler.insertUpdate(BasicTextUI.java:1996)
	at java.desktop/javax.swing.text.AbstractDocument.fireInsertUpdate(AbstractDocument.java:226)
	at java.desktop/javax.swing.text.DefaultStyledDocument.create(DefaultStyledDocument.java:160)
	at java.desktop/javax.swing.text.html.HTMLDocument.create(HTMLDocument.java:472)
	at java.desktop/javax.swing.text.html.HTMLDocument$HTMLReader.flushBuffer(HTMLDocument.java:4033)
	at java.desktop/javax.swing.text.html.HTMLDocument$HTMLReader.flush(HTMLDocument.java:2742)
	at java.desktop/javax.swing.text.html.HTMLEditorKit.read(HTMLEditorKit.java:265)
	at java.desktop/javax.swing.JEditorPane.setText(JEditorPane.java:1484)
	at com.intellij.codeInsight.documentation.DocumentationEditorPane.setText(DocumentationEditorPane.java:126)
	at com.intellij.lang.documentation.ide.ui.DocumentationUI.updateContent(DocumentationUI.kt:272)
	at com.intellij.lang.documentation.ide.ui.DocumentationUI.handleContent(DocumentationUI.kt:233)
	at com.intellij.lang.documentation.ide.ui.DocumentationUI.handleContent(DocumentationUI.kt:223)
	at com.intellij.lang.documentation.ide.ui.DocumentationUI.access$handleContent(DocumentationUI.kt:53)
	at com.intellij.lang.documentation.ide.ui.DocumentationUI$handlePage$2.invokeSuspend(DocumentationUI.kt:195)
	at com.intellij.lang.documentation.ide.ui.DocumentationUI$handlePage$2.invoke(DocumentationUI.kt)
	at com.intellij.lang.documentation.ide.ui.DocumentationUI$handlePage$2.invoke(DocumentationUI.kt)
	at kotlinx.coroutines.flow.FlowKt__MergeKt$mapLatest$1.invokeSuspend(Merge.kt:217)
	at kotlinx.coroutines.flow.FlowKt__MergeKt$mapLatest$1.invoke(Merge.kt)
	at kotlinx.coroutines.flow.FlowKt__MergeKt$mapLatest$1.invoke(Merge.kt)
	at kotlinx.coroutines.flow.internal.ChannelFlowTransformLatest$flowCollect$3$1$2.invokeSuspend(Merge.kt:34)
	at kotlinx.coroutines.flow.internal.ChannelFlowTransformLatest$flowCollect$3$1$2.invoke(Merge.kt)
	at kotlinx.coroutines.flow.internal.ChannelFlowTransformLatest$flowCollect$3$1$2.invoke(Merge.kt)
	at kotlinx.coroutines.intrinsics.UndispatchedKt.startCoroutineUndispatched(Undispatched.kt:44)
	at kotlinx.coroutines.CoroutineStart.invoke(CoroutineStart.kt:112)
	at kotlinx.coroutines.AbstractCoroutine.start(AbstractCoroutine.kt:126)
	at kotlinx.coroutines.BuildersKt__Builders_commonKt.launch(Builders.common.kt:56)
	at kotlinx.coroutines.BuildersKt.launch(Unknown Source)
	at kotlinx.coroutines.BuildersKt__Builders_commonKt.launch$default(Builders.common.kt:47)
	at kotlinx.coroutines.BuildersKt.launch$default(Unknown Source)
	at kotlinx.coroutines.flow.internal.ChannelFlowTransformLatest$flowCollect$3$1.emit(Merge.kt:33)
	at kotlinx.coroutines.flow.internal.ChannelFlowTransformLatest$flowCollect$3$1$emit$1.invokeSuspend(Merge.kt)
	at kotlin.coroutines.jvm.internal.BaseContinuationImpl.resumeWith(ContinuationImpl.kt:33)
	at kotlinx.coroutines.DispatchedTask.run(DispatchedTask.kt:108)
	at com.intellij.openapi.application.impl.DispatchedRunnable.run(DispatchedRunnable.kt:43)
	at com.intellij.openapi.application.TransactionGuardImpl.runWithWritingAllowed(TransactionGuardImpl.java:209)
	at com.intellij.openapi.application.TransactionGuardImpl.access$100(TransactionGuardImpl.java:22)
	at com.intellij.openapi.application.TransactionGuardImpl$1.run(TransactionGuardImpl.java:191)
	at com.intellij.openapi.application.impl.RwLockHolder.runIntendedWriteActionOnCurrentThread(RwLockHolder.kt:204)
	at com.intellij.openapi.application.impl.ApplicationImpl.runIntendedWriteActionOnCurrentThread(ApplicationImpl.java:830)
	at com.intellij.openapi.application.impl.ApplicationImpl$2.run(ApplicationImpl.java:419)
	at com.intellij.openapi.application.impl.RwLockHolder.runWithEnabledImplicitRead(RwLockHolder.kt:138)
	at com.intellij.openapi.application.impl.RwLockHolder.runWithImplicitRead(RwLockHolder.kt:129)
	at com.intellij.openapi.application.impl.ApplicationImpl.runWithImplicitRead(ApplicationImpl.java:1152)
	at com.intellij.openapi.application.impl.FlushQueue.doRun(FlushQueue.java:81)
	at com.intellij.openapi.application.impl.FlushQueue.runNextEvent(FlushQueue.java:123)
	at com.intellij.openapi.application.impl.FlushQueue.flushNow(FlushQueue.java:43)
	at java.desktop/java.awt.event.InvocationEvent.dispatch(InvocationEvent.java:318)
	at java.desktop/java.awt.EventQueue.dispatchEventImpl(EventQueue.java:792)
	at java.desktop/java.awt.EventQueue$3.run(EventQueue.java:739)
	at java.desktop/java.awt.EventQueue$3.run(EventQueue.java:733)
	at java.base/java.security.AccessController.doPrivileged(AccessController.java:399)
	at java.base/java.security.ProtectionDomain$JavaSecurityAccessImpl.doIntersectionPrivilege(ProtectionDomain.java:86)
	at java.desktop/java.awt.EventQueue.dispatchEvent(EventQueue.java:761)
	at com.intellij.ide.IdeEventQueue.defaultDispatchEvent(IdeEventQueue.kt:699)
	at com.intellij.ide.IdeEventQueue._dispatchEvent$lambda$12(IdeEventQueue.kt:593)
	at com.intellij.openapi.application.impl.RwLockHolder.runWithoutImplicitRead(RwLockHolder.kt:105)
	at com.intellij.ide.IdeEventQueue._dispatchEvent(IdeEventQueue.kt:593)
	at com.intellij.ide.IdeEventQueue.access$_dispatchEvent(IdeEventQueue.kt:77)
	at com.intellij.ide.IdeEventQueue$dispatchEvent$processEventRunnable$1$1$1.compute(IdeEventQueue.kt:362)
	at com.intellij.ide.IdeEventQueue$dispatchEvent$processEventRunnable$1$1$1.compute(IdeEventQueue.kt:361)
	at com.intellij.openapi.progress.impl.CoreProgressManager.computePrioritized(CoreProgressManager.java:843)
	at com.intellij.ide.IdeEventQueue$dispatchEvent$processEventRunnable$1$1.invoke(IdeEventQueue.kt:361)
	at com.intellij.ide.IdeEventQueue$dispatchEvent$processEventRunnable$1$1.invoke(IdeEventQueue.kt:356)
	at com.intellij.ide.IdeEventQueueKt.performActivity$lambda$1(IdeEventQueue.kt:1022)
	at com.intellij.openapi.application.TransactionGuardImpl.performActivity(TransactionGuardImpl.java:106)
	at com.intellij.ide.IdeEventQueueKt.performActivity(IdeEventQueue.kt:1022)
	at com.intellij.ide.IdeEventQueue.dispatchEvent$lambda$7(IdeEventQueue.kt:356)
	at com.intellij.openapi.application.impl.RwLockHolder.runIntendedWriteActionOnCurrentThread(RwLockHolder.kt:209)
	at com.intellij.openapi.application.impl.ApplicationImpl.runIntendedWriteActionOnCurrentThread(ApplicationImpl.java:830)
	at com.intellij.ide.IdeEventQueue.dispatchEvent(IdeEventQueue.kt:398)
	at java.desktop/java.awt.EventDispatchThread.pumpOneEventForFilters(EventDispatchThread.java:207)
	at java.desktop/java.awt.EventDispatchThread.pumpEventsForFilter(EventDispatchThread.java:128)
	at java.desktop/java.awt.EventDispatchThread.pumpEventsForHierarchy(EventDispatchThread.java:117)
	at java.desktop/java.awt.EventDispatchThread.pumpEvents(EventDispatchThread.java:113)
	at java.desktop/java.awt.EventDispatchThread.pumpEvents(EventDispatchThread.java:105)
	at java.desktop/java.awt.EventDispatchThread.run(EventDispatchThread.java:92)
2024-09-20 09:46:58,453 [4324453]   WARN - #c.i.u.i.CachedImageIcon - Cannot get reflective icon (path=JavaScriptPsiIcons.FileTypes.TypeScriptFile)
java.lang.ClassNotFoundException: icons.JavaScriptPsiIcons$FileTypes
	at com.intellij.util.lang.UrlClassLoader.findClass(UrlClassLoader.java:248)
	at java.base/java.lang.ClassLoader.loadClass(ClassLoader.java:592)
	at java.base/java.lang.ClassLoader.loadClass(ClassLoader.java:525)
	at com.intellij.ui.icons.ImageDataByPathLoaderKt.getReflectiveIcon(ImageDataByPathLoader.kt:170)
	at com.intellij.openapi.util.IconLoaderKt.findIconUsingDeprecatedImplementation(IconLoader.kt:369)
	at com.intellij.openapi.util.IconLoaderKt.findIconUsingDeprecatedImplementation$default(IconLoader.kt:354)
	at com.intellij.openapi.util.IconLoader.findIcon(IconLoader.kt:147)
	at com.intellij.util.ui.ExtendableHTMLViewFactory$Extensions$IconsExtension.getIcon(ExtendableHTMLViewFactory.kt:181)
	at com.intellij.util.ui.ExtendableHTMLViewFactory$Extensions$IconsExtension.invoke(ExtendableHTMLViewFactory.kt:172)
	at com.intellij.util.ui.ExtendableHTMLViewFactory$Extensions$IconsExtension.invoke(ExtendableHTMLViewFactory.kt:165)
	at com.intellij.util.ui.ExtendableHTMLViewFactory.create(ExtendableHTMLViewFactory.kt:41)
	at java.desktop/javax.swing.text.html.TableView.create(TableView.java:942)
	at java.desktop/javax.swing.text.CompositeView.loadChildren(CompositeView.java:112)
	at java.desktop/javax.swing.text.FlowView$LogicalView.loadChildren(FlowView.java:731)
	at java.desktop/javax.swing.text.CompositeView.setParent(CompositeView.java:139)
	at java.desktop/javax.swing.text.FlowView.loadChildren(FlowView.java:147)
	at java.desktop/javax.swing.text.CompositeView.setParent(CompositeView.java:139)
	at java.desktop/javax.swing.text.FlowView.setParent(FlowView.java:306)
	at java.desktop/javax.swing.text.html.ParagraphView.setParent(ParagraphView.java:75)
	at java.desktop/javax.swing.text.CompositeView.replace(CompositeView.java:219)
	at java.desktop/javax.swing.text.BoxView.replace(BoxView.java:182)
	at java.desktop/javax.swing.text.CompositeView.loadChildren(CompositeView.java:114)
	at java.desktop/javax.swing.text.CompositeView.setParent(CompositeView.java:139)
	at java.desktop/javax.swing.text.html.BlockView.setParent(BlockView.java:72)
	at java.desktop/javax.swing.text.CompositeView.replace(CompositeView.java:219)
	at java.desktop/javax.swing.text.BoxView.replace(BoxView.java:182)
	at java.desktop/javax.swing.text.html.TableView$RowView.replace(TableView.java:1474)
	at java.desktop/javax.swing.text.CompositeView.loadChildren(CompositeView.java:114)
	at java.desktop/javax.swing.text.CompositeView.setParent(CompositeView.java:139)
	at java.desktop/javax.swing.text.CompositeView.replace(CompositeView.java:219)
	at java.desktop/javax.swing.text.BoxView.replace(BoxView.java:182)
	at java.desktop/javax.swing.text.html.TableView.replace(TableView.java:913)
	at java.desktop/javax.swing.text.View.updateChildren(View.java:1129)
	at java.desktop/javax.swing.text.View.insertUpdate(View.java:708)
	at java.desktop/javax.swing.text.html.TableView.insertUpdate(TableView.java:853)
	at java.desktop/javax.swing.text.View.forwardUpdateToView(View.java:1236)
	at java.desktop/javax.swing.text.View.forwardUpdate(View.java:1171)
	at java.desktop/javax.swing.text.BoxView.forwardUpdate(BoxView.java:241)
	at java.desktop/javax.swing.text.View.insertUpdate(View.java:714)
	at java.desktop/javax.swing.text.View.forwardUpdateToView(View.java:1236)
	at java.desktop/javax.swing.text.View.forwardUpdate(View.java:1171)
	at java.desktop/javax.swing.text.BoxView.forwardUpdate(BoxView.java:241)
	at java.desktop/javax.swing.text.View.insertUpdate(View.java:714)
	at java.desktop/javax.swing.plaf.basic.BasicTextUI$RootView.insertUpdate(BasicTextUI.java:1714)
	at java.desktop/javax.swing.plaf.basic.BasicTextUI$UpdateHandler.insertUpdate(BasicTextUI.java:1996)
	at java.desktop/javax.swing.text.AbstractDocument.fireInsertUpdate(AbstractDocument.java:226)
	at java.desktop/javax.swing.text.DefaultStyledDocument.insert(DefaultStyledDocument.java:223)
	at java.desktop/javax.swing.text.html.HTMLDocument.insert(HTMLDocument.java:434)
	at java.desktop/javax.swing.text.html.HTMLDocument$HTMLReader.flushBuffer(HTMLDocument.java:4035)
	at java.desktop/javax.swing.text.html.HTMLDocument$HTMLReader.flush(HTMLDocument.java:2742)
	at java.desktop/javax.swing.text.html.HTMLEditorKit.read(HTMLEditorKit.java:265)
	at java.desktop/javax.swing.JEditorPane.setText(JEditorPane.java:1484)
	at com.intellij.codeInsight.documentation.DocumentationEditorPane.setText(DocumentationEditorPane.java:126)
	at com.intellij.lang.documentation.ide.ui.DocumentationUI.updateContent(DocumentationUI.kt:272)
	at com.intellij.lang.documentation.ide.ui.DocumentationUI.handleContent(DocumentationUI.kt:233)
	at com.intellij.lang.documentation.ide.ui.DocumentationUI.handleContent(DocumentationUI.kt:223)
	at com.intellij.lang.documentation.ide.ui.DocumentationUI.access$handleContent(DocumentationUI.kt:53)
	at com.intellij.lang.documentation.ide.ui.DocumentationUI$handlePage$2.invokeSuspend(DocumentationUI.kt:195)
	at com.intellij.lang.documentation.ide.ui.DocumentationUI$handlePage$2.invoke(DocumentationUI.kt)
	at com.intellij.lang.documentation.ide.ui.DocumentationUI$handlePage$2.invoke(DocumentationUI.kt)
	at kotlinx.coroutines.flow.FlowKt__MergeKt$mapLatest$1.invokeSuspend(Merge.kt:217)
	at kotlinx.coroutines.flow.FlowKt__MergeKt$mapLatest$1.invoke(Merge.kt)
	at kotlinx.coroutines.flow.FlowKt__MergeKt$mapLatest$1.invoke(Merge.kt)
	at kotlinx.coroutines.flow.internal.ChannelFlowTransformLatest$flowCollect$3$1$2.invokeSuspend(Merge.kt:34)
	at kotlinx.coroutines.flow.internal.ChannelFlowTransformLatest$flowCollect$3$1$2.invoke(Merge.kt)
	at kotlinx.coroutines.flow.internal.ChannelFlowTransformLatest$flowCollect$3$1$2.invoke(Merge.kt)
	at kotlinx.coroutines.intrinsics.UndispatchedKt.startCoroutineUndispatched(Undispatched.kt:44)
	at kotlinx.coroutines.CoroutineStart.invoke(CoroutineStart.kt:112)
	at kotlinx.coroutines.AbstractCoroutine.start(AbstractCoroutine.kt:126)
	at kotlinx.coroutines.BuildersKt__Builders_commonKt.launch(Builders.common.kt:56)
	at kotlinx.coroutines.BuildersKt.launch(Unknown Source)
	at kotlinx.coroutines.BuildersKt__Builders_commonKt.launch$default(Builders.common.kt:47)
	at kotlinx.coroutines.BuildersKt.launch$default(Unknown Source)
	at kotlinx.coroutines.flow.internal.ChannelFlowTransformLatest$flowCollect$3$1.emit(Merge.kt:33)
	at kotlinx.coroutines.flow.internal.ChannelFlowTransformLatest$flowCollect$3$1$emit$1.invokeSuspend(Merge.kt)
	at kotlin.coroutines.jvm.internal.BaseContinuationImpl.resumeWith(ContinuationImpl.kt:33)
	at kotlinx.coroutines.DispatchedTask.run(DispatchedTask.kt:108)
	at com.intellij.openapi.application.impl.DispatchedRunnable.run(DispatchedRunnable.kt:43)
	at com.intellij.openapi.application.TransactionGuardImpl.runWithWritingAllowed(TransactionGuardImpl.java:209)
	at com.intellij.openapi.application.TransactionGuardImpl.access$100(TransactionGuardImpl.java:22)
	at com.intellij.openapi.application.TransactionGuardImpl$1.run(TransactionGuardImpl.java:191)
	at com.intellij.openapi.application.impl.RwLockHolder.runIntendedWriteActionOnCurrentThread(RwLockHolder.kt:204)
	at com.intellij.openapi.application.impl.ApplicationImpl.runIntendedWriteActionOnCurrentThread(ApplicationImpl.java:830)
	at com.intellij.openapi.application.impl.ApplicationImpl$2.run(ApplicationImpl.java:419)
	at com.intellij.openapi.application.impl.RwLockHolder.runWithEnabledImplicitRead(RwLockHolder.kt:138)
	at com.intellij.openapi.application.impl.RwLockHolder.runWithImplicitRead(RwLockHolder.kt:129)
	at com.intellij.openapi.application.impl.ApplicationImpl.runWithImplicitRead(ApplicationImpl.java:1152)
	at com.intellij.openapi.application.impl.FlushQueue.doRun(FlushQueue.java:81)
	at com.intellij.openapi.application.impl.FlushQueue.runNextEvent(FlushQueue.java:123)
	at com.intellij.openapi.application.impl.FlushQueue.flushNow(FlushQueue.java:43)
	at java.desktop/java.awt.event.InvocationEvent.dispatch(InvocationEvent.java:318)
	at java.desktop/java.awt.EventQueue.dispatchEventImpl(EventQueue.java:792)
	at java.desktop/java.awt.EventQueue$3.run(EventQueue.java:739)
	at java.desktop/java.awt.EventQueue$3.run(EventQueue.java:733)
	at java.base/java.security.AccessController.doPrivileged(AccessController.java:399)
	at java.base/java.security.ProtectionDomain$JavaSecurityAccessImpl.doIntersectionPrivilege(ProtectionDomain.java:86)
	at java.desktop/java.awt.EventQueue.dispatchEvent(EventQueue.java:761)
	at com.intellij.ide.IdeEventQueue.defaultDispatchEvent(IdeEventQueue.kt:699)
	at com.intellij.ide.IdeEventQueue._dispatchEvent$lambda$12(IdeEventQueue.kt:593)
	at com.intellij.openapi.application.impl.RwLockHolder.runWithoutImplicitRead(RwLockHolder.kt:105)
	at com.intellij.ide.IdeEventQueue._dispatchEvent(IdeEventQueue.kt:593)
	at com.intellij.ide.IdeEventQueue.access$_dispatchEvent(IdeEventQueue.kt:77)
	at com.intellij.ide.IdeEventQueue$dispatchEvent$processEventRunnable$1$1$1.compute(IdeEventQueue.kt:362)
	at com.intellij.ide.IdeEventQueue$dispatchEvent$processEventRunnable$1$1$1.compute(IdeEventQueue.kt:361)
	at com.intellij.openapi.progress.impl.CoreProgressManager.computePrioritized(CoreProgressManager.java:843)
	at com.intellij.ide.IdeEventQueue$dispatchEvent$processEventRunnable$1$1.invoke(IdeEventQueue.kt:361)
	at com.intellij.ide.IdeEventQueue$dispatchEvent$processEventRunnable$1$1.invoke(IdeEventQueue.kt:356)
	at com.intellij.ide.IdeEventQueueKt.performActivity$lambda$1(IdeEventQueue.kt:1022)
	at com.intellij.openapi.application.TransactionGuardImpl.performActivity(TransactionGuardImpl.java:106)
	at com.intellij.ide.IdeEventQueueKt.performActivity(IdeEventQueue.kt:1022)
	at com.intellij.ide.IdeEventQueue.dispatchEvent$lambda$7(IdeEventQueue.kt:356)
	at com.intellij.openapi.application.impl.RwLockHolder.runIntendedWriteActionOnCurrentThread(RwLockHolder.kt:209)
	at com.intellij.openapi.application.impl.ApplicationImpl.runIntendedWriteActionOnCurrentThread(ApplicationImpl.java:830)
	at com.intellij.ide.IdeEventQueue.dispatchEvent(IdeEventQueue.kt:398)
	at java.desktop/java.awt.EventDispatchThread.pumpOneEventForFilters(EventDispatchThread.java:207)
	at java.desktop/java.awt.EventDispatchThread.pumpEventsForFilter(EventDispatchThread.java:128)
	at java.desktop/java.awt.EventDispatchThread.pumpEventsForHierarchy(EventDispatchThread.java:117)
	at java.desktop/java.awt.EventDispatchThread.pumpEvents(EventDispatchThread.java:113)
	at java.desktop/java.awt.EventDispatchThread.pumpEvents(EventDispatchThread.java:105)
	at java.desktop/java.awt.EventDispatchThread.run(EventDispatchThread.java:92)
2024-09-20 09:52:02,962 [4628962]   WARN - #com.mallowigi.tree.HollowFoldersDecorator - null
2024-09-20 09:53:54,896 [4740896]   WARN - #c.i.u.i.CachedImageIcon - Cannot get reflective icon (path=JavaScriptPsiIcons.FileTypes.TypeScriptFile)
java.lang.ClassNotFoundException: icons.JavaScriptPsiIcons$FileTypes
	at com.intellij.util.lang.UrlClassLoader.findClass(UrlClassLoader.java:248)
	at java.base/java.lang.ClassLoader.loadClass(ClassLoader.java:592)
	at java.base/java.lang.ClassLoader.loadClass(ClassLoader.java:525)
	at com.intellij.ui.icons.ImageDataByPathLoaderKt.getReflectiveIcon(ImageDataByPathLoader.kt:170)
	at com.intellij.openapi.util.IconLoaderKt.findIconUsingDeprecatedImplementation(IconLoader.kt:369)
	at com.intellij.openapi.util.IconLoaderKt.findIconUsingDeprecatedImplementation$default(IconLoader.kt:354)
	at com.intellij.openapi.util.IconLoader.findIcon(IconLoader.kt:147)
	at com.intellij.util.ui.ExtendableHTMLViewFactory$Extensions$IconsExtension.getIcon(ExtendableHTMLViewFactory.kt:181)
	at com.intellij.util.ui.ExtendableHTMLViewFactory$Extensions$IconsExtension.invoke(ExtendableHTMLViewFactory.kt:172)
	at com.intellij.util.ui.ExtendableHTMLViewFactory$Extensions$IconsExtension.invoke(ExtendableHTMLViewFactory.kt:165)
	at com.intellij.util.ui.ExtendableHTMLViewFactory.create(ExtendableHTMLViewFactory.kt:41)
	at java.desktop/javax.swing.text.html.TableView.create(TableView.java:942)
	at java.desktop/javax.swing.text.CompositeView.loadChildren(CompositeView.java:112)
	at java.desktop/javax.swing.text.FlowView$LogicalView.loadChildren(FlowView.java:731)
	at java.desktop/javax.swing.text.CompositeView.setParent(CompositeView.java:139)
	at java.desktop/javax.swing.text.FlowView.loadChildren(FlowView.java:147)
	at java.desktop/javax.swing.text.CompositeView.setParent(CompositeView.java:139)
	at java.desktop/javax.swing.text.FlowView.setParent(FlowView.java:306)
	at java.desktop/javax.swing.text.html.ParagraphView.setParent(ParagraphView.java:75)
	at java.desktop/javax.swing.text.CompositeView.replace(CompositeView.java:219)
	at java.desktop/javax.swing.text.BoxView.replace(BoxView.java:182)
	at java.desktop/javax.swing.text.CompositeView.loadChildren(CompositeView.java:114)
	at java.desktop/javax.swing.text.CompositeView.setParent(CompositeView.java:139)
	at java.desktop/javax.swing.text.html.BlockView.setParent(BlockView.java:72)
	at java.desktop/javax.swing.text.CompositeView.replace(CompositeView.java:219)
	at java.desktop/javax.swing.text.BoxView.replace(BoxView.java:182)
	at java.desktop/javax.swing.text.html.TableView$RowView.replace(TableView.java:1474)
	at java.desktop/javax.swing.text.CompositeView.loadChildren(CompositeView.java:114)
	at java.desktop/javax.swing.text.CompositeView.setParent(CompositeView.java:139)
	at java.desktop/javax.swing.text.CompositeView.replace(CompositeView.java:219)
	at java.desktop/javax.swing.text.BoxView.replace(BoxView.java:182)
	at java.desktop/javax.swing.text.html.TableView.replace(TableView.java:913)
	at java.desktop/javax.swing.text.View.updateChildren(View.java:1129)
	at java.desktop/javax.swing.text.View.insertUpdate(View.java:708)
	at java.desktop/javax.swing.text.html.TableView.insertUpdate(TableView.java:853)
	at java.desktop/javax.swing.text.View.forwardUpdateToView(View.java:1236)
	at java.desktop/javax.swing.text.View.forwardUpdate(View.java:1171)
	at java.desktop/javax.swing.text.BoxView.forwardUpdate(BoxView.java:241)
	at java.desktop/javax.swing.text.View.insertUpdate(View.java:714)
	at java.desktop/javax.swing.text.View.forwardUpdateToView(View.java:1236)
	at java.desktop/javax.swing.text.View.forwardUpdate(View.java:1171)
	at java.desktop/javax.swing.text.BoxView.forwardUpdate(BoxView.java:241)
	at java.desktop/javax.swing.text.View.insertUpdate(View.java:714)
	at java.desktop/javax.swing.plaf.basic.BasicTextUI$RootView.insertUpdate(BasicTextUI.java:1714)
	at java.desktop/javax.swing.plaf.basic.BasicTextUI$UpdateHandler.insertUpdate(BasicTextUI.java:1996)
	at java.desktop/javax.swing.text.AbstractDocument.fireInsertUpdate(AbstractDocument.java:226)
	at java.desktop/javax.swing.text.DefaultStyledDocument.insert(DefaultStyledDocument.java:223)
	at java.desktop/javax.swing.text.html.HTMLDocument.insert(HTMLDocument.java:434)
	at java.desktop/javax.swing.text.html.HTMLDocument$HTMLReader.flushBuffer(HTMLDocument.java:4035)
	at java.desktop/javax.swing.text.html.HTMLDocument$HTMLReader.flush(HTMLDocument.java:2742)
	at java.desktop/javax.swing.text.html.HTMLEditorKit.read(HTMLEditorKit.java:265)
	at java.desktop/javax.swing.JEditorPane.setText(JEditorPane.java:1484)
	at com.intellij.codeInsight.documentation.DocumentationEditorPane.setText(DocumentationEditorPane.java:126)
	at com.intellij.lang.documentation.ide.ui.DocumentationUI.updateContent(DocumentationUI.kt:272)
	at com.intellij.lang.documentation.ide.ui.DocumentationUI.handleContent(DocumentationUI.kt:233)
	at com.intellij.lang.documentation.ide.ui.DocumentationUI.handleContent(DocumentationUI.kt:223)
	at com.intellij.lang.documentation.ide.ui.DocumentationUI.access$handleContent(DocumentationUI.kt:53)
	at com.intellij.lang.documentation.ide.ui.DocumentationUI$handlePage$2.invokeSuspend(DocumentationUI.kt:195)
	at com.intellij.lang.documentation.ide.ui.DocumentationUI$handlePage$2.invoke(DocumentationUI.kt)
	at com.intellij.lang.documentation.ide.ui.DocumentationUI$handlePage$2.invoke(DocumentationUI.kt)
	at kotlinx.coroutines.flow.FlowKt__MergeKt$mapLatest$1.invokeSuspend(Merge.kt:217)
	at kotlinx.coroutines.flow.FlowKt__MergeKt$mapLatest$1.invoke(Merge.kt)
	at kotlinx.coroutines.flow.FlowKt__MergeKt$mapLatest$1.invoke(Merge.kt)
	at kotlinx.coroutines.flow.internal.ChannelFlowTransformLatest$flowCollect$3$1$2.invokeSuspend(Merge.kt:34)
	at kotlinx.coroutines.flow.internal.ChannelFlowTransformLatest$flowCollect$3$1$2.invoke(Merge.kt)
	at kotlinx.coroutines.flow.internal.ChannelFlowTransformLatest$flowCollect$3$1$2.invoke(Merge.kt)
	at kotlinx.coroutines.intrinsics.UndispatchedKt.startCoroutineUndispatched(Undispatched.kt:44)
	at kotlinx.coroutines.CoroutineStart.invoke(CoroutineStart.kt:112)
	at kotlinx.coroutines.AbstractCoroutine.start(AbstractCoroutine.kt:126)
	at kotlinx.coroutines.BuildersKt__Builders_commonKt.launch(Builders.common.kt:56)
	at kotlinx.coroutines.BuildersKt.launch(Unknown Source)
	at kotlinx.coroutines.BuildersKt__Builders_commonKt.launch$default(Builders.common.kt:47)
	at kotlinx.coroutines.BuildersKt.launch$default(Unknown Source)
	at kotlinx.coroutines.flow.internal.ChannelFlowTransformLatest$flowCollect$3$1.emit(Merge.kt:33)
	at kotlinx.coroutines.flow.StateFlowImpl.collect(StateFlow.kt:396)
	at kotlinx.coroutines.flow.ReadonlySharedFlow.collect(Share.kt)
	at kotlinx.coroutines.flow.internal.ChannelFlowTransformLatest$flowCollect$3.invokeSuspend(Merge.kt:27)
	at kotlinx.coroutines.flow.internal.ChannelFlowTransformLatest$flowCollect$3.invoke(Merge.kt)
	at kotlinx.coroutines.flow.internal.ChannelFlowTransformLatest$flowCollect$3.invoke(Merge.kt)
	at kotlinx.coroutines.intrinsics.UndispatchedKt.startUndispatchedOrReturn(Undispatched.kt:78)
	at kotlinx.coroutines.CoroutineScopeKt.coroutineScope(CoroutineScope.kt:264)
	at kotlinx.coroutines.flow.internal.ChannelFlowTransformLatest.flowCollect(Merge.kt:25)
	at kotlinx.coroutines.flow.internal.ChannelFlowOperator.collectTo$suspendImpl(ChannelFlow.kt:157)
	at kotlinx.coroutines.flow.internal.ChannelFlowOperator.collectTo(ChannelFlow.kt)
	at kotlinx.coroutines.flow.internal.ChannelFlow$collectToFun$1.invokeSuspend(ChannelFlow.kt:60)
	at kotlin.coroutines.jvm.internal.BaseContinuationImpl.resumeWith(ContinuationImpl.kt:33)
	at kotlinx.coroutines.DispatchedTask.run(DispatchedTask.kt:108)
	at com.intellij.openapi.application.impl.DispatchedRunnable.run(DispatchedRunnable.kt:43)
	at com.intellij.openapi.application.TransactionGuardImpl.runWithWritingAllowed(TransactionGuardImpl.java:209)
	at com.intellij.openapi.application.TransactionGuardImpl.access$100(TransactionGuardImpl.java:22)
	at com.intellij.openapi.application.TransactionGuardImpl$1.run(TransactionGuardImpl.java:191)
	at com.intellij.openapi.application.impl.RwLockHolder.runIntendedWriteActionOnCurrentThread(RwLockHolder.kt:204)
	at com.intellij.openapi.application.impl.ApplicationImpl.runIntendedWriteActionOnCurrentThread(ApplicationImpl.java:830)
	at com.intellij.openapi.application.impl.ApplicationImpl$2.run(ApplicationImpl.java:419)
	at com.intellij.openapi.application.impl.RwLockHolder.runWithEnabledImplicitRead(RwLockHolder.kt:138)
	at com.intellij.openapi.application.impl.RwLockHolder.runWithImplicitRead(RwLockHolder.kt:129)
	at com.intellij.openapi.application.impl.ApplicationImpl.runWithImplicitRead(ApplicationImpl.java:1152)
	at com.intellij.openapi.application.impl.FlushQueue.doRun(FlushQueue.java:81)
	at com.intellij.openapi.application.impl.FlushQueue.runNextEvent(FlushQueue.java:123)
	at com.intellij.openapi.application.impl.FlushQueue.flushNow(FlushQueue.java:43)
	at java.desktop/java.awt.event.InvocationEvent.dispatch(InvocationEvent.java:318)
	at java.desktop/java.awt.EventQueue.dispatchEventImpl(EventQueue.java:792)
	at java.desktop/java.awt.EventQueue$3.run(EventQueue.java:739)
	at java.desktop/java.awt.EventQueue$3.run(EventQueue.java:733)
	at java.base/java.security.AccessController.doPrivileged(AccessController.java:399)
	at java.base/java.security.ProtectionDomain$JavaSecurityAccessImpl.doIntersectionPrivilege(ProtectionDomain.java:86)
	at java.desktop/java.awt.EventQueue.dispatchEvent(EventQueue.java:761)
	at com.intellij.ide.IdeEventQueue.defaultDispatchEvent(IdeEventQueue.kt:699)
	at com.intellij.ide.IdeEventQueue._dispatchEvent$lambda$12(IdeEventQueue.kt:593)
	at com.intellij.openapi.application.impl.RwLockHolder.runWithoutImplicitRead(RwLockHolder.kt:105)
	at com.intellij.ide.IdeEventQueue._dispatchEvent(IdeEventQueue.kt:593)
	at com.intellij.ide.IdeEventQueue.access$_dispatchEvent(IdeEventQueue.kt:77)
	at com.intellij.ide.IdeEventQueue$dispatchEvent$processEventRunnable$1$1$1.compute(IdeEventQueue.kt:362)
	at com.intellij.ide.IdeEventQueue$dispatchEvent$processEventRunnable$1$1$1.compute(IdeEventQueue.kt:361)
	at com.intellij.openapi.progress.impl.CoreProgressManager.computePrioritized(CoreProgressManager.java:843)
	at com.intellij.ide.IdeEventQueue$dispatchEvent$processEventRunnable$1$1.invoke(IdeEventQueue.kt:361)
	at com.intellij.ide.IdeEventQueue$dispatchEvent$processEventRunnable$1$1.invoke(IdeEventQueue.kt:356)
	at com.intellij.ide.IdeEventQueueKt.performActivity$lambda$1(IdeEventQueue.kt:1022)
	at com.intellij.openapi.application.TransactionGuardImpl.performActivity(TransactionGuardImpl.java:106)
	at com.intellij.ide.IdeEventQueueKt.performActivity(IdeEventQueue.kt:1022)
	at com.intellij.ide.IdeEventQueue.dispatchEvent$lambda$7(IdeEventQueue.kt:356)
	at com.intellij.openapi.application.impl.RwLockHolder.runIntendedWriteActionOnCurrentThread(RwLockHolder.kt:209)
	at com.intellij.openapi.application.impl.ApplicationImpl.runIntendedWriteActionOnCurrentThread(ApplicationImpl.java:830)
	at com.intellij.ide.IdeEventQueue.dispatchEvent(IdeEventQueue.kt:398)
	at java.desktop/java.awt.EventDispatchThread.pumpOneEventForFilters(EventDispatchThread.java:207)
	at java.desktop/java.awt.EventDispatchThread.pumpEventsForFilter(EventDispatchThread.java:128)
	at java.desktop/java.awt.EventDispatchThread.pumpEventsForHierarchy(EventDispatchThread.java:117)
	at java.desktop/java.awt.EventDispatchThread.pumpEvents(EventDispatchThread.java:113)
	at java.desktop/java.awt.EventDispatchThread.pumpEvents(EventDispatchThread.java:105)
	at java.desktop/java.awt.EventDispatchThread.run(EventDispatchThread.java:92)
2024-09-20 10:27:14,855 [6740855]   WARN - #c.i.u.i.CachedImageIcon - Cannot get reflective icon (path=JavaScriptPsiIcons.FileTypes.TypeScriptFile)
java.lang.ClassNotFoundException: icons.JavaScriptPsiIcons$FileTypes
	at com.intellij.util.lang.UrlClassLoader.findClass(UrlClassLoader.java:248)
	at java.base/java.lang.ClassLoader.loadClass(ClassLoader.java:592)
	at java.base/java.lang.ClassLoader.loadClass(ClassLoader.java:525)
	at com.intellij.ui.icons.ImageDataByPathLoaderKt.getReflectiveIcon(ImageDataByPathLoader.kt:170)
	at com.intellij.openapi.util.IconLoaderKt.findIconUsingDeprecatedImplementation(IconLoader.kt:369)
	at com.intellij.openapi.util.IconLoaderKt.findIconUsingDeprecatedImplementation$default(IconLoader.kt:354)
	at com.intellij.openapi.util.IconLoader.findIcon(IconLoader.kt:147)
	at com.intellij.util.ui.ExtendableHTMLViewFactory$Extensions$IconsExtension.getIcon(ExtendableHTMLViewFactory.kt:181)
	at com.intellij.util.ui.ExtendableHTMLViewFactory$Extensions$IconsExtension.invoke(ExtendableHTMLViewFactory.kt:172)
	at com.intellij.util.ui.ExtendableHTMLViewFactory$Extensions$IconsExtension.invoke(ExtendableHTMLViewFactory.kt:165)
	at com.intellij.util.ui.ExtendableHTMLViewFactory.create(ExtendableHTMLViewFactory.kt:41)
	at java.desktop/javax.swing.text.html.TableView.create(TableView.java:942)
	at java.desktop/javax.swing.text.CompositeView.loadChildren(CompositeView.java:112)
	at java.desktop/javax.swing.text.FlowView$LogicalView.loadChildren(FlowView.java:731)
	at java.desktop/javax.swing.text.CompositeView.setParent(CompositeView.java:139)
	at java.desktop/javax.swing.text.FlowView.loadChildren(FlowView.java:147)
	at java.desktop/javax.swing.text.CompositeView.setParent(CompositeView.java:139)
	at java.desktop/javax.swing.text.FlowView.setParent(FlowView.java:306)
	at java.desktop/javax.swing.text.html.ParagraphView.setParent(ParagraphView.java:75)
	at java.desktop/javax.swing.text.CompositeView.replace(CompositeView.java:219)
	at java.desktop/javax.swing.text.BoxView.replace(BoxView.java:182)
	at java.desktop/javax.swing.text.CompositeView.loadChildren(CompositeView.java:114)
	at java.desktop/javax.swing.text.CompositeView.setParent(CompositeView.java:139)
	at java.desktop/javax.swing.text.html.BlockView.setParent(BlockView.java:72)
	at java.desktop/javax.swing.text.CompositeView.replace(CompositeView.java:219)
	at java.desktop/javax.swing.text.BoxView.replace(BoxView.java:182)
	at java.desktop/javax.swing.text.html.TableView$RowView.replace(TableView.java:1474)
	at java.desktop/javax.swing.text.CompositeView.loadChildren(CompositeView.java:114)
	at java.desktop/javax.swing.text.CompositeView.setParent(CompositeView.java:139)
	at java.desktop/javax.swing.text.CompositeView.replace(CompositeView.java:219)
	at java.desktop/javax.swing.text.BoxView.replace(BoxView.java:182)
	at java.desktop/javax.swing.text.html.TableView.replace(TableView.java:913)
	at java.desktop/javax.swing.text.CompositeView.loadChildren(CompositeView.java:114)
	at java.desktop/javax.swing.text.CompositeView.setParent(CompositeView.java:139)
	at java.desktop/javax.swing.text.html.TableView.setParent(TableView.java:817)
	at java.desktop/javax.swing.text.CompositeView.replace(CompositeView.java:219)
	at java.desktop/javax.swing.text.BoxView.replace(BoxView.java:182)
	at java.desktop/javax.swing.text.CompositeView.loadChildren(CompositeView.java:114)
	at java.desktop/javax.swing.text.CompositeView.setParent(CompositeView.java:139)
	at java.desktop/javax.swing.text.html.BlockView.setParent(BlockView.java:72)
	at java.desktop/javax.swing.text.html.HTMLEditorKit$HTMLFactory$BodyBlockView.setParent(HTMLEditorKit.java:1476)
	at java.desktop/javax.swing.text.CompositeView.replace(CompositeView.java:219)
	at java.desktop/javax.swing.text.BoxView.replace(BoxView.java:182)
	at java.desktop/javax.swing.text.View.updateChildren(View.java:1129)
	at java.desktop/javax.swing.text.View.insertUpdate(View.java:708)
	at java.desktop/javax.swing.plaf.basic.BasicTextUI$RootView.insertUpdate(BasicTextUI.java:1714)
	at java.desktop/javax.swing.plaf.basic.BasicTextUI$UpdateHandler.insertUpdate(BasicTextUI.java:1996)
	at java.desktop/javax.swing.text.AbstractDocument.fireInsertUpdate(AbstractDocument.java:226)
	at java.desktop/javax.swing.text.DefaultStyledDocument.create(DefaultStyledDocument.java:160)
	at java.desktop/javax.swing.text.html.HTMLDocument.create(HTMLDocument.java:472)
	at java.desktop/javax.swing.text.html.HTMLDocument$HTMLReader.flushBuffer(HTMLDocument.java:4033)
	at java.desktop/javax.swing.text.html.HTMLDocument$HTMLReader.addContent(HTMLDocument.java:3972)
	at java.desktop/javax.swing.text.html.HTMLDocument$HTMLReader.addContent(HTMLDocument.java:3937)
	at java.desktop/javax.swing.text.html.HTMLDocument$HTMLReader.handleText(HTMLDocument.java:2797)
	at java.desktop/javax.swing.text.html.parser.DocumentParser.handleText(DocumentParser.java:271)
	at java.desktop/javax.swing.text.html.parser.Parser.handleText(Parser.java:409)
	at java.desktop/javax.swing.text.html.parser.Parser.startTag(Parser.java:480)
	at java.desktop/javax.swing.text.html.parser.Parser.parseTag(Parser.java:2054)
	at java.desktop/javax.swing.text.html.parser.Parser.parseContent(Parser.java:2195)
	at java.desktop/javax.swing.text.html.parser.Parser.parse(Parser.java:2372)
	at java.desktop/javax.swing.text.html.parser.DocumentParser.parse(DocumentParser.java:135)
	at java.desktop/javax.swing.text.html.parser.ParserDelegator.parse(ParserDelegator.java:114)
	at java.desktop/javax.swing.text.html.HTMLEditorKit.read(HTMLEditorKit.java:264)
	at java.desktop/javax.swing.JEditorPane.setText(JEditorPane.java:1484)
	at com.intellij.codeInsight.documentation.DocumentationEditorPane.setText(DocumentationEditorPane.java:126)
	at com.intellij.lang.documentation.ide.ui.DocumentationUI.updateContent(DocumentationUI.kt:272)
	at com.intellij.lang.documentation.ide.ui.DocumentationUI.handleContent(DocumentationUI.kt:233)
	at com.intellij.lang.documentation.ide.ui.DocumentationUI.handleContent(DocumentationUI.kt:223)
	at com.intellij.lang.documentation.ide.ui.DocumentationUI.access$handleContent(DocumentationUI.kt:53)
	at com.intellij.lang.documentation.ide.ui.DocumentationUI$handlePage$2.invokeSuspend(DocumentationUI.kt:195)
	at com.intellij.lang.documentation.ide.ui.DocumentationUI$handlePage$2.invoke(DocumentationUI.kt)
	at com.intellij.lang.documentation.ide.ui.DocumentationUI$handlePage$2.invoke(DocumentationUI.kt)
	at kotlinx.coroutines.flow.FlowKt__MergeKt$mapLatest$1.invokeSuspend(Merge.kt:217)
	at kotlinx.coroutines.flow.FlowKt__MergeKt$mapLatest$1.invoke(Merge.kt)
	at kotlinx.coroutines.flow.FlowKt__MergeKt$mapLatest$1.invoke(Merge.kt)
	at kotlinx.coroutines.flow.internal.ChannelFlowTransformLatest$flowCollect$3$1$2.invokeSuspend(Merge.kt:34)
	at kotlinx.coroutines.flow.internal.ChannelFlowTransformLatest$flowCollect$3$1$2.invoke(Merge.kt)
	at kotlinx.coroutines.flow.internal.ChannelFlowTransformLatest$flowCollect$3$1$2.invoke(Merge.kt)
	at kotlinx.coroutines.intrinsics.UndispatchedKt.startCoroutineUndispatched(Undispatched.kt:44)
	at kotlinx.coroutines.CoroutineStart.invoke(CoroutineStart.kt:112)
	at kotlinx.coroutines.AbstractCoroutine.start(AbstractCoroutine.kt:126)
	at kotlinx.coroutines.BuildersKt__Builders_commonKt.launch(Builders.common.kt:56)
	at kotlinx.coroutines.BuildersKt.launch(Unknown Source)
	at kotlinx.coroutines.BuildersKt__Builders_commonKt.launch$default(Builders.common.kt:47)
	at kotlinx.coroutines.BuildersKt.launch$default(Unknown Source)
	at kotlinx.coroutines.flow.internal.ChannelFlowTransformLatest$flowCollect$3$1.emit(Merge.kt:33)
	at kotlinx.coroutines.flow.internal.ChannelFlowTransformLatest$flowCollect$3$1$emit$1.invokeSuspend(Merge.kt)
	at kotlin.coroutines.jvm.internal.BaseContinuationImpl.resumeWith(ContinuationImpl.kt:33)
	at kotlinx.coroutines.DispatchedTask.run(DispatchedTask.kt:108)
	at com.intellij.openapi.application.impl.DispatchedRunnable.run(DispatchedRunnable.kt:43)
	at com.intellij.openapi.application.TransactionGuardImpl.runWithWritingAllowed(TransactionGuardImpl.java:209)
	at com.intellij.openapi.application.TransactionGuardImpl.access$100(TransactionGuardImpl.java:22)
	at com.intellij.openapi.application.TransactionGuardImpl$1.run(TransactionGuardImpl.java:191)
	at com.intellij.openapi.application.impl.RwLockHolder.runIntendedWriteActionOnCurrentThread(RwLockHolder.kt:204)
	at com.intellij.openapi.application.impl.ApplicationImpl.runIntendedWriteActionOnCurrentThread(ApplicationImpl.java:830)
	at com.intellij.openapi.application.impl.ApplicationImpl$2.run(ApplicationImpl.java:419)
	at com.intellij.openapi.application.impl.RwLockHolder.runWithEnabledImplicitRead(RwLockHolder.kt:138)
	at com.intellij.openapi.application.impl.RwLockHolder.runWithImplicitRead(RwLockHolder.kt:129)
	at com.intellij.openapi.application.impl.ApplicationImpl.runWithImplicitRead(ApplicationImpl.java:1152)
	at com.intellij.openapi.application.impl.FlushQueue.doRun(FlushQueue.java:81)
	at com.intellij.openapi.application.impl.FlushQueue.runNextEvent(FlushQueue.java:123)
	at com.intellij.openapi.application.impl.FlushQueue.flushNow(FlushQueue.java:43)
	at java.desktop/java.awt.event.InvocationEvent.dispatch(InvocationEvent.java:318)
	at java.desktop/java.awt.EventQueue.dispatchEventImpl(EventQueue.java:792)
	at java.desktop/java.awt.EventQueue$3.run(EventQueue.java:739)
	at java.desktop/java.awt.EventQueue$3.run(EventQueue.java:733)
	at java.base/java.security.AccessController.doPrivileged(AccessController.java:399)
	at java.base/java.security.ProtectionDomain$JavaSecurityAccessImpl.doIntersectionPrivilege(ProtectionDomain.java:86)
	at java.desktop/java.awt.EventQueue.dispatchEvent(EventQueue.java:761)
	at com.intellij.ide.IdeEventQueue.defaultDispatchEvent(IdeEventQueue.kt:699)
	at com.intellij.ide.IdeEventQueue._dispatchEvent$lambda$12(IdeEventQueue.kt:593)
	at com.intellij.openapi.application.impl.RwLockHolder.runWithoutImplicitRead(RwLockHolder.kt:105)
	at com.intellij.ide.IdeEventQueue._dispatchEvent(IdeEventQueue.kt:593)
	at com.intellij.ide.IdeEventQueue.access$_dispatchEvent(IdeEventQueue.kt:77)
	at com.intellij.ide.IdeEventQueue$dispatchEvent$processEventRunnable$1$1$1.compute(IdeEventQueue.kt:362)
	at com.intellij.ide.IdeEventQueue$dispatchEvent$processEventRunnable$1$1$1.compute(IdeEventQueue.kt:361)
	at com.intellij.openapi.progress.impl.CoreProgressManager.computePrioritized(CoreProgressManager.java:843)
	at com.intellij.ide.IdeEventQueue$dispatchEvent$processEventRunnable$1$1.invoke(IdeEventQueue.kt:361)
	at com.intellij.ide.IdeEventQueue$dispatchEvent$processEventRunnable$1$1.invoke(IdeEventQueue.kt:356)
	at com.intellij.ide.IdeEventQueueKt.performActivity$lambda$1(IdeEventQueue.kt:1022)
	at com.intellij.openapi.application.TransactionGuardImpl.performActivity(TransactionGuardImpl.java:106)
	at com.intellij.ide.IdeEventQueueKt.performActivity(IdeEventQueue.kt:1022)
	at com.intellij.ide.IdeEventQueue.dispatchEvent$lambda$7(IdeEventQueue.kt:356)
	at com.intellij.openapi.application.impl.RwLockHolder.runIntendedWriteActionOnCurrentThread(RwLockHolder.kt:209)
	at com.intellij.openapi.application.impl.ApplicationImpl.runIntendedWriteActionOnCurrentThread(ApplicationImpl.java:830)
	at com.intellij.ide.IdeEventQueue.dispatchEvent(IdeEventQueue.kt:398)
	at java.desktop/java.awt.EventDispatchThread.pumpOneEventForFilters(EventDispatchThread.java:207)
	at java.desktop/java.awt.EventDispatchThread.pumpEventsForFilter(EventDispatchThread.java:128)
	at java.desktop/java.awt.EventDispatchThread.pumpEventsForHierarchy(EventDispatchThread.java:117)
	at java.desktop/java.awt.EventDispatchThread.pumpEvents(EventDispatchThread.java:113)
	at java.desktop/java.awt.EventDispatchThread.pumpEvents(EventDispatchThread.java:105)
	at java.desktop/java.awt.EventDispatchThread.run(EventDispatchThread.java:92)
2024-09-20 10:42:40,132 [7666132]   WARN - #c.i.u.i.CachedImageIcon - Cannot get reflective icon (path=JavaScriptPsiIcons.FileTypes.TypeScriptFile)
java.lang.ClassNotFoundException: icons.JavaScriptPsiIcons$FileTypes
	at com.intellij.util.lang.UrlClassLoader.findClass(UrlClassLoader.java:248)
	at java.base/java.lang.ClassLoader.loadClass(ClassLoader.java:592)
	at java.base/java.lang.ClassLoader.loadClass(ClassLoader.java:525)
	at com.intellij.ui.icons.ImageDataByPathLoaderKt.getReflectiveIcon(ImageDataByPathLoader.kt:170)
	at com.intellij.openapi.util.IconLoaderKt.findIconUsingDeprecatedImplementation(IconLoader.kt:369)
	at com.intellij.openapi.util.IconLoaderKt.findIconUsingDeprecatedImplementation$default(IconLoader.kt:354)
	at com.intellij.openapi.util.IconLoader.findIcon(IconLoader.kt:147)
	at com.intellij.util.ui.ExtendableHTMLViewFactory$Extensions$IconsExtension.getIcon(ExtendableHTMLViewFactory.kt:181)
	at com.intellij.util.ui.ExtendableHTMLViewFactory$Extensions$IconsExtension.invoke(ExtendableHTMLViewFactory.kt:172)
	at com.intellij.util.ui.ExtendableHTMLViewFactory$Extensions$IconsExtension.invoke(ExtendableHTMLViewFactory.kt:165)
	at com.intellij.util.ui.ExtendableHTMLViewFactory.create(ExtendableHTMLViewFactory.kt:41)
	at java.desktop/javax.swing.text.html.TableView.create(TableView.java:942)
	at java.desktop/javax.swing.text.CompositeView.loadChildren(CompositeView.java:112)
	at java.desktop/javax.swing.text.FlowView$LogicalView.loadChildren(FlowView.java:731)
	at java.desktop/javax.swing.text.CompositeView.setParent(CompositeView.java:139)
	at java.desktop/javax.swing.text.FlowView.loadChildren(FlowView.java:147)
	at java.desktop/javax.swing.text.CompositeView.setParent(CompositeView.java:139)
	at java.desktop/javax.swing.text.FlowView.setParent(FlowView.java:306)
	at java.desktop/javax.swing.text.html.ParagraphView.setParent(ParagraphView.java:75)
	at java.desktop/javax.swing.text.CompositeView.replace(CompositeView.java:219)
	at java.desktop/javax.swing.text.BoxView.replace(BoxView.java:182)
	at java.desktop/javax.swing.text.CompositeView.loadChildren(CompositeView.java:114)
	at java.desktop/javax.swing.text.CompositeView.setParent(CompositeView.java:139)
	at java.desktop/javax.swing.text.html.BlockView.setParent(BlockView.java:72)
	at java.desktop/javax.swing.text.CompositeView.replace(CompositeView.java:219)
	at java.desktop/javax.swing.text.BoxView.replace(BoxView.java:182)
	at java.desktop/javax.swing.text.html.TableView$RowView.replace(TableView.java:1474)
	at java.desktop/javax.swing.text.CompositeView.loadChildren(CompositeView.java:114)
	at java.desktop/javax.swing.text.CompositeView.setParent(CompositeView.java:139)
	at java.desktop/javax.swing.text.CompositeView.replace(CompositeView.java:219)
	at java.desktop/javax.swing.text.BoxView.replace(BoxView.java:182)
	at java.desktop/javax.swing.text.html.TableView.replace(TableView.java:913)
	at java.desktop/javax.swing.text.CompositeView.loadChildren(CompositeView.java:114)
	at java.desktop/javax.swing.text.CompositeView.setParent(CompositeView.java:139)
	at java.desktop/javax.swing.text.html.TableView.setParent(TableView.java:817)
	at java.desktop/javax.swing.text.CompositeView.replace(CompositeView.java:219)
	at java.desktop/javax.swing.text.BoxView.replace(BoxView.java:182)
	at java.desktop/javax.swing.text.CompositeView.loadChildren(CompositeView.java:114)
	at java.desktop/javax.swing.text.CompositeView.setParent(CompositeView.java:139)
	at java.desktop/javax.swing.text.html.BlockView.setParent(BlockView.java:72)
	at java.desktop/javax.swing.text.html.HTMLEditorKit$HTMLFactory$BodyBlockView.setParent(HTMLEditorKit.java:1476)
	at java.desktop/javax.swing.text.CompositeView.replace(CompositeView.java:219)
	at java.desktop/javax.swing.text.BoxView.replace(BoxView.java:182)
	at java.desktop/javax.swing.text.View.updateChildren(View.java:1129)
	at java.desktop/javax.swing.text.View.insertUpdate(View.java:708)
	at java.desktop/javax.swing.plaf.basic.BasicTextUI$RootView.insertUpdate(BasicTextUI.java:1714)
	at java.desktop/javax.swing.plaf.basic.BasicTextUI$UpdateHandler.insertUpdate(BasicTextUI.java:1996)
	at java.desktop/javax.swing.text.AbstractDocument.fireInsertUpdate(AbstractDocument.java:226)
	at java.desktop/javax.swing.text.DefaultStyledDocument.create(DefaultStyledDocument.java:160)
	at java.desktop/javax.swing.text.html.HTMLDocument.create(HTMLDocument.java:472)
	at java.desktop/javax.swing.text.html.HTMLDocument$HTMLReader.flushBuffer(HTMLDocument.java:4033)
	at java.desktop/javax.swing.text.html.HTMLDocument$HTMLReader.addContent(HTMLDocument.java:3972)
	at java.desktop/javax.swing.text.html.HTMLDocument$HTMLReader.addContent(HTMLDocument.java:3937)
	at java.desktop/javax.swing.text.html.HTMLDocument$HTMLReader.handleText(HTMLDocument.java:2797)
	at java.desktop/javax.swing.text.html.parser.DocumentParser.handleText(DocumentParser.java:271)
	at java.desktop/javax.swing.text.html.parser.Parser.handleText(Parser.java:409)
	at java.desktop/javax.swing.text.html.parser.Parser.startTag(Parser.java:480)
	at java.desktop/javax.swing.text.html.parser.Parser.parseTag(Parser.java:2054)
	at java.desktop/javax.swing.text.html.parser.Parser.parseContent(Parser.java:2195)
	at java.desktop/javax.swing.text.html.parser.Parser.parse(Parser.java:2372)
	at java.desktop/javax.swing.text.html.parser.DocumentParser.parse(DocumentParser.java:135)
	at java.desktop/javax.swing.text.html.parser.ParserDelegator.parse(ParserDelegator.java:114)
	at java.desktop/javax.swing.text.html.HTMLEditorKit.read(HTMLEditorKit.java:264)
	at java.desktop/javax.swing.JEditorPane.setText(JEditorPane.java:1484)
	at com.intellij.codeInsight.documentation.DocumentationEditorPane.setText(DocumentationEditorPane.java:126)
	at com.intellij.lang.documentation.ide.ui.DocumentationUI.updateContent(DocumentationUI.kt:272)
	at com.intellij.lang.documentation.ide.ui.DocumentationUI.handleContent(DocumentationUI.kt:233)
	at com.intellij.lang.documentation.ide.ui.DocumentationUI.handleContent(DocumentationUI.kt:223)
	at com.intellij.lang.documentation.ide.ui.DocumentationUI.access$handleContent(DocumentationUI.kt:53)
	at com.intellij.lang.documentation.ide.ui.DocumentationUI$handlePage$2.invokeSuspend(DocumentationUI.kt:195)
	at com.intellij.lang.documentation.ide.ui.DocumentationUI$handlePage$2.invoke(DocumentationUI.kt)
	at com.intellij.lang.documentation.ide.ui.DocumentationUI$handlePage$2.invoke(DocumentationUI.kt)
	at kotlinx.coroutines.flow.FlowKt__MergeKt$mapLatest$1.invokeSuspend(Merge.kt:217)
	at kotlinx.coroutines.flow.FlowKt__MergeKt$mapLatest$1.invoke(Merge.kt)
	at kotlinx.coroutines.flow.FlowKt__MergeKt$mapLatest$1.invoke(Merge.kt)
	at kotlinx.coroutines.flow.internal.ChannelFlowTransformLatest$flowCollect$3$1$2.invokeSuspend(Merge.kt:34)
	at kotlinx.coroutines.flow.internal.ChannelFlowTransformLatest$flowCollect$3$1$2.invoke(Merge.kt)
	at kotlinx.coroutines.flow.internal.ChannelFlowTransformLatest$flowCollect$3$1$2.invoke(Merge.kt)
	at kotlinx.coroutines.intrinsics.UndispatchedKt.startCoroutineUndispatched(Undispatched.kt:44)
	at kotlinx.coroutines.CoroutineStart.invoke(CoroutineStart.kt:112)
	at kotlinx.coroutines.AbstractCoroutine.start(AbstractCoroutine.kt:126)
	at kotlinx.coroutines.BuildersKt__Builders_commonKt.launch(Builders.common.kt:56)
	at kotlinx.coroutines.BuildersKt.launch(Unknown Source)
	at kotlinx.coroutines.BuildersKt__Builders_commonKt.launch$default(Builders.common.kt:47)
	at kotlinx.coroutines.BuildersKt.launch$default(Unknown Source)
	at kotlinx.coroutines.flow.internal.ChannelFlowTransformLatest$flowCollect$3$1.emit(Merge.kt:33)
	at kotlinx.coroutines.flow.StateFlowImpl.collect(StateFlow.kt:396)
	at kotlinx.coroutines.flow.ReadonlySharedFlow.collect(Share.kt)
	at kotlinx.coroutines.flow.internal.ChannelFlowTransformLatest$flowCollect$3.invokeSuspend(Merge.kt:27)
	at kotlinx.coroutines.flow.internal.ChannelFlowTransformLatest$flowCollect$3.invoke(Merge.kt)
	at kotlinx.coroutines.flow.internal.ChannelFlowTransformLatest$flowCollect$3.invoke(Merge.kt)
	at kotlinx.coroutines.intrinsics.UndispatchedKt.startUndispatchedOrReturn(Undispatched.kt:78)
	at kotlinx.coroutines.CoroutineScopeKt.coroutineScope(CoroutineScope.kt:264)
	at kotlinx.coroutines.flow.internal.ChannelFlowTransformLatest.flowCollect(Merge.kt:25)
	at kotlinx.coroutines.flow.internal.ChannelFlowOperator.collectTo$suspendImpl(ChannelFlow.kt:157)
	at kotlinx.coroutines.flow.internal.ChannelFlowOperator.collectTo(ChannelFlow.kt)
	at kotlinx.coroutines.flow.internal.ChannelFlow$collectToFun$1.invokeSuspend(ChannelFlow.kt:60)
	at kotlin.coroutines.jvm.internal.BaseContinuationImpl.resumeWith(ContinuationImpl.kt:33)
	at kotlinx.coroutines.DispatchedTask.run(DispatchedTask.kt:108)
	at com.intellij.openapi.application.impl.DispatchedRunnable.run(DispatchedRunnable.kt:43)
	at com.intellij.openapi.application.TransactionGuardImpl.runWithWritingAllowed(TransactionGuardImpl.java:209)
	at com.intellij.openapi.application.TransactionGuardImpl.access$100(TransactionGuardImpl.java:22)
	at com.intellij.openapi.application.TransactionGuardImpl$1.run(TransactionGuardImpl.java:191)
	at com.intellij.openapi.application.impl.RwLockHolder.runIntendedWriteActionOnCurrentThread(RwLockHolder.kt:204)
	at com.intellij.openapi.application.impl.ApplicationImpl.runIntendedWriteActionOnCurrentThread(ApplicationImpl.java:830)
	at com.intellij.openapi.application.impl.ApplicationImpl$2.run(ApplicationImpl.java:419)
	at com.intellij.openapi.application.impl.RwLockHolder.runWithEnabledImplicitRead(RwLockHolder.kt:138)
	at com.intellij.openapi.application.impl.RwLockHolder.runWithImplicitRead(RwLockHolder.kt:129)
	at com.intellij.openapi.application.impl.ApplicationImpl.runWithImplicitRead(ApplicationImpl.java:1152)
	at com.intellij.openapi.application.impl.FlushQueue.doRun(FlushQueue.java:81)
	at com.intellij.openapi.application.impl.FlushQueue.runNextEvent(FlushQueue.java:123)
	at com.intellij.openapi.application.impl.FlushQueue.flushNow(FlushQueue.java:43)
	at java.desktop/java.awt.event.InvocationEvent.dispatch(InvocationEvent.java:318)
	at java.desktop/java.awt.EventQueue.dispatchEventImpl(EventQueue.java:792)
	at java.desktop/java.awt.EventQueue$3.run(EventQueue.java:739)
	at java.desktop/java.awt.EventQueue$3.run(EventQueue.java:733)
	at java.base/java.security.AccessController.doPrivileged(AccessController.java:399)
	at java.base/java.security.ProtectionDomain$JavaSecurityAccessImpl.doIntersectionPrivilege(ProtectionDomain.java:86)
	at java.desktop/java.awt.EventQueue.dispatchEvent(EventQueue.java:761)
	at com.intellij.ide.IdeEventQueue.defaultDispatchEvent(IdeEventQueue.kt:699)
	at com.intellij.ide.IdeEventQueue._dispatchEvent$lambda$12(IdeEventQueue.kt:593)
	at com.intellij.openapi.application.impl.RwLockHolder.runWithoutImplicitRead(RwLockHolder.kt:105)
	at com.intellij.ide.IdeEventQueue._dispatchEvent(IdeEventQueue.kt:593)
	at com.intellij.ide.IdeEventQueue.access$_dispatchEvent(IdeEventQueue.kt:77)
	at com.intellij.ide.IdeEventQueue$dispatchEvent$processEventRunnable$1$1$1.compute(IdeEventQueue.kt:362)
	at com.intellij.ide.IdeEventQueue$dispatchEvent$processEventRunnable$1$1$1.compute(IdeEventQueue.kt:361)
	at com.intellij.openapi.progress.impl.CoreProgressManager.computePrioritized(CoreProgressManager.java:843)
	at com.intellij.ide.IdeEventQueue$dispatchEvent$processEventRunnable$1$1.invoke(IdeEventQueue.kt:361)
	at com.intellij.ide.IdeEventQueue$dispatchEvent$processEventRunnable$1$1.invoke(IdeEventQueue.kt:356)
	at com.intellij.ide.IdeEventQueueKt.performActivity$lambda$1(IdeEventQueue.kt:1022)
	at com.intellij.openapi.application.TransactionGuardImpl.performActivity(TransactionGuardImpl.java:106)
	at com.intellij.ide.IdeEventQueueKt.performActivity(IdeEventQueue.kt:1022)
	at com.intellij.ide.IdeEventQueue.dispatchEvent$lambda$7(IdeEventQueue.kt:356)
	at com.intellij.openapi.application.impl.RwLockHolder.runIntendedWriteActionOnCurrentThread(RwLockHolder.kt:209)
	at com.intellij.openapi.application.impl.ApplicationImpl.runIntendedWriteActionOnCurrentThread(ApplicationImpl.java:830)
	at com.intellij.ide.IdeEventQueue.dispatchEvent(IdeEventQueue.kt:398)
	at java.desktop/java.awt.EventDispatchThread.pumpOneEventForFilters(EventDispatchThread.java:207)
	at java.desktop/java.awt.EventDispatchThread.pumpEventsForFilter(EventDispatchThread.java:128)
	at java.desktop/java.awt.EventDispatchThread.pumpEventsForHierarchy(EventDispatchThread.java:117)
	at java.desktop/java.awt.EventDispatchThread.pumpEvents(EventDispatchThread.java:113)
	at java.desktop/java.awt.EventDispatchThread.pumpEvents(EventDispatchThread.java:105)
	at java.desktop/java.awt.EventDispatchThread.run(EventDispatchThread.java:92)
2024-09-20 10:44:20,325 [7766325]   WARN - #git4idea.annotate.GitAnnotationProvider - Git annotations are empty for file /home/bogota/school/croatie/Croatia-Front-end/styles/CFE-home.css in revision fd59641b80705645393f5626f43c460764dda6f9
2024-09-20 10:56:45,737 [8511737]   WARN - #c.i.u.x.Binding - No accessors for com.intellij.platform.feedback.impl.state.DontShowAgainFeedbackState. This means that state class cannot be serialized properly. Please see https://jb.gg/ij-psoc
2024-09-20 10:56:45,743 [8511743]   WARN - #c.i.u.x.Binding - No accessors for com.intellij.platform.feedback.impl.state.CommonFeedbackSurveysState. This means that state class cannot be serialized properly. Please see https://jb.gg/ij-psoc
2024-09-20 11:00:55,532 [8761532]   WARN - org.apache.velocity.deprecation - configuration key 'resource.loader' has been deprecated in favor of 'resource.loaders'
2024-09-20 11:00:55,533 [8761533]   WARN - org.apache.velocity.deprecation - configuration key 'includes.resource.loader.instance' has been deprecated in favor of 'resource.loader.includes.instance'
2024-09-20 11:26:29,205 [10295205]   WARN - #c.i.u.i.CachedImageIcon - Cannot get reflective icon (path=JavaScriptPsiIcons.FileTypes.TypeScriptFile)
java.lang.ClassNotFoundException: icons.JavaScriptPsiIcons$FileTypes
	at com.intellij.util.lang.UrlClassLoader.findClass(UrlClassLoader.java:248)
	at java.base/java.lang.ClassLoader.loadClass(ClassLoader.java:592)
	at java.base/java.lang.ClassLoader.loadClass(ClassLoader.java:525)
	at com.intellij.ui.icons.ImageDataByPathLoaderKt.getReflectiveIcon(ImageDataByPathLoader.kt:170)
	at com.intellij.openapi.util.IconLoaderKt.findIconUsingDeprecatedImplementation(IconLoader.kt:369)
	at com.intellij.openapi.util.IconLoaderKt.findIconUsingDeprecatedImplementation$default(IconLoader.kt:354)
	at com.intellij.openapi.util.IconLoader.findIcon(IconLoader.kt:147)
	at com.intellij.util.ui.ExtendableHTMLViewFactory$Extensions$IconsExtension.getIcon(ExtendableHTMLViewFactory.kt:181)
	at com.intellij.util.ui.ExtendableHTMLViewFactory$Extensions$IconsExtension.invoke(ExtendableHTMLViewFactory.kt:172)
	at com.intellij.util.ui.ExtendableHTMLViewFactory$Extensions$IconsExtension.invoke(ExtendableHTMLViewFactory.kt:165)
	at com.intellij.util.ui.ExtendableHTMLViewFactory.create(ExtendableHTMLViewFactory.kt:41)
	at java.desktop/javax.swing.text.html.TableView.create(TableView.java:942)
	at java.desktop/javax.swing.text.CompositeView.loadChildren(CompositeView.java:112)
	at java.desktop/javax.swing.text.FlowView$LogicalView.loadChildren(FlowView.java:731)
	at java.desktop/javax.swing.text.CompositeView.setParent(CompositeView.java:139)
	at java.desktop/javax.swing.text.FlowView.loadChildren(FlowView.java:147)
	at java.desktop/javax.swing.text.CompositeView.setParent(CompositeView.java:139)
	at java.desktop/javax.swing.text.FlowView.setParent(FlowView.java:306)
	at java.desktop/javax.swing.text.html.ParagraphView.setParent(ParagraphView.java:75)
	at java.desktop/javax.swing.text.CompositeView.replace(CompositeView.java:219)
	at java.desktop/javax.swing.text.BoxView.replace(BoxView.java:182)
	at java.desktop/javax.swing.text.CompositeView.loadChildren(CompositeView.java:114)
	at java.desktop/javax.swing.text.CompositeView.setParent(CompositeView.java:139)
	at java.desktop/javax.swing.text.html.BlockView.setParent(BlockView.java:72)
	at java.desktop/javax.swing.text.CompositeView.replace(CompositeView.java:219)
	at java.desktop/javax.swing.text.BoxView.replace(BoxView.java:182)
	at java.desktop/javax.swing.text.html.TableView$RowView.replace(TableView.java:1474)
	at java.desktop/javax.swing.text.CompositeView.loadChildren(CompositeView.java:114)
	at java.desktop/javax.swing.text.CompositeView.setParent(CompositeView.java:139)
	at java.desktop/javax.swing.text.CompositeView.replace(CompositeView.java:219)
	at java.desktop/javax.swing.text.BoxView.replace(BoxView.java:182)
	at java.desktop/javax.swing.text.html.TableView.replace(TableView.java:913)
	at java.desktop/javax.swing.text.CompositeView.loadChildren(CompositeView.java:114)
	at java.desktop/javax.swing.text.CompositeView.setParent(CompositeView.java:139)
	at java.desktop/javax.swing.text.html.TableView.setParent(TableView.java:817)
	at java.desktop/javax.swing.text.CompositeView.replace(CompositeView.java:219)
	at java.desktop/javax.swing.text.BoxView.replace(BoxView.java:182)
	at java.desktop/javax.swing.text.CompositeView.loadChildren(CompositeView.java:114)
	at java.desktop/javax.swing.text.CompositeView.setParent(CompositeView.java:139)
	at java.desktop/javax.swing.text.html.BlockView.setParent(BlockView.java:72)
	at java.desktop/javax.swing.text.html.HTMLEditorKit$HTMLFactory$BodyBlockView.setParent(HTMLEditorKit.java:1476)
	at java.desktop/javax.swing.text.CompositeView.replace(CompositeView.java:219)
	at java.desktop/javax.swing.text.BoxView.replace(BoxView.java:182)
	at java.desktop/javax.swing.text.View.updateChildren(View.java:1129)
	at java.desktop/javax.swing.text.View.insertUpdate(View.java:708)
	at java.desktop/javax.swing.plaf.basic.BasicTextUI$RootView.insertUpdate(BasicTextUI.java:1714)
	at java.desktop/javax.swing.plaf.basic.BasicTextUI$UpdateHandler.insertUpdate(BasicTextUI.java:1996)
	at java.desktop/javax.swing.text.AbstractDocument.fireInsertUpdate(AbstractDocument.java:226)
	at java.desktop/javax.swing.text.DefaultStyledDocument.create(DefaultStyledDocument.java:160)
	at java.desktop/javax.swing.text.html.HTMLDocument.create(HTMLDocument.java:472)
	at java.desktop/javax.swing.text.html.HTMLDocument$HTMLReader.flushBuffer(HTMLDocument.java:4033)
	at java.desktop/javax.swing.text.html.HTMLDocument$HTMLReader.addContent(HTMLDocument.java:3972)
	at java.desktop/javax.swing.text.html.HTMLDocument$HTMLReader.addContent(HTMLDocument.java:3937)
	at java.desktop/javax.swing.text.html.HTMLDocument$HTMLReader.handleText(HTMLDocument.java:2797)
	at java.desktop/javax.swing.text.html.parser.DocumentParser.handleText(DocumentParser.java:271)
	at java.desktop/javax.swing.text.html.parser.Parser.handleText(Parser.java:409)
	at java.desktop/javax.swing.text.html.parser.Parser.endTag(Parser.java:524)
	at java.desktop/javax.swing.text.html.parser.Parser.parseTag(Parser.java:1934)
	at java.desktop/javax.swing.text.html.parser.Parser.parseContent(Parser.java:2195)
	at java.desktop/javax.swing.text.html.parser.Parser.parse(Parser.java:2372)
	at java.desktop/javax.swing.text.html.parser.DocumentParser.parse(DocumentParser.java:135)
	at java.desktop/javax.swing.text.html.parser.ParserDelegator.parse(ParserDelegator.java:114)
	at java.desktop/javax.swing.text.html.HTMLEditorKit.read(HTMLEditorKit.java:264)
	at java.desktop/javax.swing.JEditorPane.setText(JEditorPane.java:1484)
	at com.intellij.codeInsight.documentation.DocumentationEditorPane.setText(DocumentationEditorPane.java:126)
	at com.intellij.lang.documentation.ide.ui.DocumentationUI.updateContent(DocumentationUI.kt:272)
	at com.intellij.lang.documentation.ide.ui.DocumentationUI.handleContent(DocumentationUI.kt:233)
	at com.intellij.lang.documentation.ide.ui.DocumentationUI.handleContent(DocumentationUI.kt:223)
	at com.intellij.lang.documentation.ide.ui.DocumentationUI.access$handleContent(DocumentationUI.kt:53)
	at com.intellij.lang.documentation.ide.ui.DocumentationUI$handlePage$2.invokeSuspend(DocumentationUI.kt:195)
	at com.intellij.lang.documentation.ide.ui.DocumentationUI$handlePage$2.invoke(DocumentationUI.kt)
	at com.intellij.lang.documentation.ide.ui.DocumentationUI$handlePage$2.invoke(DocumentationUI.kt)
	at kotlinx.coroutines.flow.FlowKt__MergeKt$mapLatest$1.invokeSuspend(Merge.kt:217)
	at kotlinx.coroutines.flow.FlowKt__MergeKt$mapLatest$1.invoke(Merge.kt)
	at kotlinx.coroutines.flow.FlowKt__MergeKt$mapLatest$1.invoke(Merge.kt)
	at kotlinx.coroutines.flow.internal.ChannelFlowTransformLatest$flowCollect$3$1$2.invokeSuspend(Merge.kt:34)
	at kotlinx.coroutines.flow.internal.ChannelFlowTransformLatest$flowCollect$3$1$2.invoke(Merge.kt)
	at kotlinx.coroutines.flow.internal.ChannelFlowTransformLatest$flowCollect$3$1$2.invoke(Merge.kt)
	at kotlinx.coroutines.intrinsics.UndispatchedKt.startCoroutineUndispatched(Undispatched.kt:44)
	at kotlinx.coroutines.CoroutineStart.invoke(CoroutineStart.kt:112)
	at kotlinx.coroutines.AbstractCoroutine.start(AbstractCoroutine.kt:126)
	at kotlinx.coroutines.BuildersKt__Builders_commonKt.launch(Builders.common.kt:56)
	at kotlinx.coroutines.BuildersKt.launch(Unknown Source)
	at kotlinx.coroutines.BuildersKt__Builders_commonKt.launch$default(Builders.common.kt:47)
	at kotlinx.coroutines.BuildersKt.launch$default(Unknown Source)
	at kotlinx.coroutines.flow.internal.ChannelFlowTransformLatest$flowCollect$3$1.emit(Merge.kt:33)
	at kotlinx.coroutines.flow.StateFlowImpl.collect(StateFlow.kt:396)
	at kotlinx.coroutines.flow.ReadonlySharedFlow.collect(Share.kt)
	at kotlinx.coroutines.flow.internal.ChannelFlowTransformLatest$flowCollect$3.invokeSuspend(Merge.kt:27)
	at kotlinx.coroutines.flow.internal.ChannelFlowTransformLatest$flowCollect$3.invoke(Merge.kt)
	at kotlinx.coroutines.flow.internal.ChannelFlowTransformLatest$flowCollect$3.invoke(Merge.kt)
	at kotlinx.coroutines.intrinsics.UndispatchedKt.startUndispatchedOrReturn(Undispatched.kt:78)
	at kotlinx.coroutines.CoroutineScopeKt.coroutineScope(CoroutineScope.kt:264)
	at kotlinx.coroutines.flow.internal.ChannelFlowTransformLatest.flowCollect(Merge.kt:25)
	at kotlinx.coroutines.flow.internal.ChannelFlowOperator.collectTo$suspendImpl(ChannelFlow.kt:157)
	at kotlinx.coroutines.flow.internal.ChannelFlowOperator.collectTo(ChannelFlow.kt)
	at kotlinx.coroutines.flow.internal.ChannelFlow$collectToFun$1.invokeSuspend(ChannelFlow.kt:60)
	at kotlin.coroutines.jvm.internal.BaseContinuationImpl.resumeWith(ContinuationImpl.kt:33)
	at kotlinx.coroutines.DispatchedTask.run(DispatchedTask.kt:108)
	at com.intellij.openapi.application.impl.DispatchedRunnable.run(DispatchedRunnable.kt:43)
	at com.intellij.openapi.application.TransactionGuardImpl.runWithWritingAllowed(TransactionGuardImpl.java:209)
	at com.intellij.openapi.application.TransactionGuardImpl.access$100(TransactionGuardImpl.java:22)
	at com.intellij.openapi.application.TransactionGuardImpl$1.run(TransactionGuardImpl.java:191)
	at com.intellij.openapi.application.impl.RwLockHolder.runIntendedWriteActionOnCurrentThread(RwLockHolder.kt:204)
	at com.intellij.openapi.application.impl.ApplicationImpl.runIntendedWriteActionOnCurrentThread(ApplicationImpl.java:830)
	at com.intellij.openapi.application.impl.ApplicationImpl$2.run(ApplicationImpl.java:419)
	at com.intellij.openapi.application.impl.RwLockHolder.runWithEnabledImplicitRead(RwLockHolder.kt:138)
	at com.intellij.openapi.application.impl.RwLockHolder.runWithImplicitRead(RwLockHolder.kt:129)
	at com.intellij.openapi.application.impl.ApplicationImpl.runWithImplicitRead(ApplicationImpl.java:1152)
	at com.intellij.openapi.application.impl.FlushQueue.doRun(FlushQueue.java:81)
	at com.intellij.openapi.application.impl.FlushQueue.runNextEvent(FlushQueue.java:123)
	at com.intellij.openapi.application.impl.FlushQueue.flushNow(FlushQueue.java:43)
	at java.desktop/java.awt.event.InvocationEvent.dispatch(InvocationEvent.java:318)
	at java.desktop/java.awt.EventQueue.dispatchEventImpl(EventQueue.java:792)
	at java.desktop/java.awt.EventQueue$3.run(EventQueue.java:739)
	at java.desktop/java.awt.EventQueue$3.run(EventQueue.java:733)
	at java.base/java.security.AccessController.doPrivileged(AccessController.java:399)
	at java.base/java.security.ProtectionDomain$JavaSecurityAccessImpl.doIntersectionPrivilege(ProtectionDomain.java:86)
	at java.desktop/java.awt.EventQueue.dispatchEvent(EventQueue.java:761)
	at com.intellij.ide.IdeEventQueue.defaultDispatchEvent(IdeEventQueue.kt:699)
	at com.intellij.ide.IdeEventQueue._dispatchEvent$lambda$12(IdeEventQueue.kt:593)
	at com.intellij.openapi.application.impl.RwLockHolder.runWithoutImplicitRead(RwLockHolder.kt:105)
	at com.intellij.ide.IdeEventQueue._dispatchEvent(IdeEventQueue.kt:593)
	at com.intellij.ide.IdeEventQueue.access$_dispatchEvent(IdeEventQueue.kt:77)
	at com.intellij.ide.IdeEventQueue$dispatchEvent$processEventRunnable$1$1$1.compute(IdeEventQueue.kt:362)
	at com.intellij.ide.IdeEventQueue$dispatchEvent$processEventRunnable$1$1$1.compute(IdeEventQueue.kt:361)
	at com.intellij.openapi.progress.impl.CoreProgressManager.computePrioritized(CoreProgressManager.java:843)
	at com.intellij.ide.IdeEventQueue$dispatchEvent$processEventRunnable$1$1.invoke(IdeEventQueue.kt:361)
	at com.intellij.ide.IdeEventQueue$dispatchEvent$processEventRunnable$1$1.invoke(IdeEventQueue.kt:356)
	at com.intellij.ide.IdeEventQueueKt.performActivity$lambda$1(IdeEventQueue.kt:1022)
	at com.intellij.openapi.application.TransactionGuardImpl.performActivity(TransactionGuardImpl.java:106)
	at com.intellij.ide.IdeEventQueueKt.performActivity(IdeEventQueue.kt:1022)
	at com.intellij.ide.IdeEventQueue.dispatchEvent$lambda$7(IdeEventQueue.kt:356)
	at com.intellij.openapi.application.impl.RwLockHolder.runIntendedWriteActionOnCurrentThread(RwLockHolder.kt:209)
	at com.intellij.openapi.application.impl.ApplicationImpl.runIntendedWriteActionOnCurrentThread(ApplicationImpl.java:830)
	at com.intellij.ide.IdeEventQueue.dispatchEvent(IdeEventQueue.kt:398)
	at java.desktop/java.awt.EventDispatchThread.pumpOneEventForFilters(EventDispatchThread.java:207)
	at java.desktop/java.awt.EventDispatchThread.pumpEventsForFilter(EventDispatchThread.java:128)
	at java.desktop/java.awt.EventDispatchThread.pumpEventsForHierarchy(EventDispatchThread.java:117)
	at java.desktop/java.awt.EventDispatchThread.pumpEvents(EventDispatchThread.java:113)
	at java.desktop/java.awt.EventDispatchThread.pumpEvents(EventDispatchThread.java:105)
	at java.desktop/java.awt.EventDispatchThread.run(EventDispatchThread.java:92)
2024-09-20 11:26:29,238 [10295238]   WARN - #c.i.u.i.CachedImageIcon - Cannot get reflective icon (path=JavaScriptPsiIcons.FileTypes.TypeScriptFile)
java.lang.ClassNotFoundException: icons.JavaScriptPsiIcons$FileTypes
	at com.intellij.util.lang.UrlClassLoader.findClass(UrlClassLoader.java:248)
	at java.base/java.lang.ClassLoader.loadClass(ClassLoader.java:592)
	at java.base/java.lang.ClassLoader.loadClass(ClassLoader.java:525)
	at com.intellij.ui.icons.ImageDataByPathLoaderKt.getReflectiveIcon(ImageDataByPathLoader.kt:170)
	at com.intellij.openapi.util.IconLoaderKt.findIconUsingDeprecatedImplementation(IconLoader.kt:369)
	at com.intellij.openapi.util.IconLoaderKt.findIconUsingDeprecatedImplementation$default(IconLoader.kt:354)
	at com.intellij.openapi.util.IconLoader.findIcon(IconLoader.kt:147)
	at com.intellij.util.ui.ExtendableHTMLViewFactory$Extensions$IconsExtension.getIcon(ExtendableHTMLViewFactory.kt:181)
	at com.intellij.util.ui.ExtendableHTMLViewFactory$Extensions$IconsExtension.invoke(ExtendableHTMLViewFactory.kt:172)
	at com.intellij.util.ui.ExtendableHTMLViewFactory$Extensions$IconsExtension.invoke(ExtendableHTMLViewFactory.kt:165)
	at com.intellij.util.ui.ExtendableHTMLViewFactory.create(ExtendableHTMLViewFactory.kt:41)
	at java.desktop/javax.swing.text.html.TableView.create(TableView.java:942)
	at java.desktop/javax.swing.text.CompositeView.loadChildren(CompositeView.java:112)
	at java.desktop/javax.swing.text.FlowView$LogicalView.loadChildren(FlowView.java:731)
	at java.desktop/javax.swing.text.CompositeView.setParent(CompositeView.java:139)
	at java.desktop/javax.swing.text.FlowView.loadChildren(FlowView.java:147)
	at java.desktop/javax.swing.text.CompositeView.setParent(CompositeView.java:139)
	at java.desktop/javax.swing.text.FlowView.setParent(FlowView.java:306)
	at java.desktop/javax.swing.text.html.ParagraphView.setParent(ParagraphView.java:75)
	at java.desktop/javax.swing.text.CompositeView.replace(CompositeView.java:219)
	at java.desktop/javax.swing.text.BoxView.replace(BoxView.java:182)
	at java.desktop/javax.swing.text.CompositeView.loadChildren(CompositeView.java:114)
	at java.desktop/javax.swing.text.CompositeView.setParent(CompositeView.java:139)
	at java.desktop/javax.swing.text.html.BlockView.setParent(BlockView.java:72)
	at java.desktop/javax.swing.text.CompositeView.replace(CompositeView.java:219)
	at java.desktop/javax.swing.text.BoxView.replace(BoxView.java:182)
	at java.desktop/javax.swing.text.html.TableView$RowView.replace(TableView.java:1474)
	at java.desktop/javax.swing.text.CompositeView.loadChildren(CompositeView.java:114)
	at java.desktop/javax.swing.text.CompositeView.setParent(CompositeView.java:139)
	at java.desktop/javax.swing.text.CompositeView.replace(CompositeView.java:219)
	at java.desktop/javax.swing.text.BoxView.replace(BoxView.java:182)
	at java.desktop/javax.swing.text.html.TableView.replace(TableView.java:913)
	at java.desktop/javax.swing.text.CompositeView.loadChildren(CompositeView.java:114)
	at java.desktop/javax.swing.text.CompositeView.setParent(CompositeView.java:139)
	at java.desktop/javax.swing.text.html.TableView.setParent(TableView.java:817)
	at java.desktop/javax.swing.text.CompositeView.replace(CompositeView.java:219)
	at java.desktop/javax.swing.text.BoxView.replace(BoxView.java:182)
	at java.desktop/javax.swing.text.CompositeView.loadChildren(CompositeView.java:114)
	at java.desktop/javax.swing.text.CompositeView.setParent(CompositeView.java:139)
	at java.desktop/javax.swing.text.html.BlockView.setParent(BlockView.java:72)
	at java.desktop/javax.swing.text.html.HTMLEditorKit$HTMLFactory$BodyBlockView.setParent(HTMLEditorKit.java:1476)
	at java.desktop/javax.swing.text.CompositeView.replace(CompositeView.java:219)
	at java.desktop/javax.swing.text.BoxView.replace(BoxView.java:182)
	at java.desktop/javax.swing.text.View.updateChildren(View.java:1129)
	at java.desktop/javax.swing.text.View.insertUpdate(View.java:708)
	at java.desktop/javax.swing.plaf.basic.BasicTextUI$RootView.insertUpdate(BasicTextUI.java:1714)
	at java.desktop/javax.swing.plaf.basic.BasicTextUI$UpdateHandler.insertUpdate(BasicTextUI.java:1996)
	at java.desktop/javax.swing.text.AbstractDocument.fireInsertUpdate(AbstractDocument.java:226)
	at java.desktop/javax.swing.text.DefaultStyledDocument.create(DefaultStyledDocument.java:160)
	at java.desktop/javax.swing.text.html.HTMLDocument.create(HTMLDocument.java:472)
	at java.desktop/javax.swing.text.html.HTMLDocument$HTMLReader.flushBuffer(HTMLDocument.java:4033)
	at java.desktop/javax.swing.text.html.HTMLDocument$HTMLReader.addContent(HTMLDocument.java:3972)
	at java.desktop/javax.swing.text.html.HTMLDocument$HTMLReader.addContent(HTMLDocument.java:3937)
	at java.desktop/javax.swing.text.html.HTMLDocument$HTMLReader.handleText(HTMLDocument.java:2797)
	at java.desktop/javax.swing.text.html.parser.DocumentParser.handleText(DocumentParser.java:271)
	at java.desktop/javax.swing.text.html.parser.Parser.handleText(Parser.java:409)
	at java.desktop/javax.swing.text.html.parser.Parser.endTag(Parser.java:524)
	at java.desktop/javax.swing.text.html.parser.Parser.parseTag(Parser.java:1934)
	at java.desktop/javax.swing.text.html.parser.Parser.parseContent(Parser.java:2195)
	at java.desktop/javax.swing.text.html.parser.Parser.parse(Parser.java:2372)
	at java.desktop/javax.swing.text.html.parser.DocumentParser.parse(DocumentParser.java:135)
	at java.desktop/javax.swing.text.html.parser.ParserDelegator.parse(ParserDelegator.java:114)
	at java.desktop/javax.swing.text.html.HTMLEditorKit.read(HTMLEditorKit.java:264)
	at java.desktop/javax.swing.JEditorPane.setText(JEditorPane.java:1484)
	at com.intellij.codeInsight.documentation.DocumentationEditorPane.setText(DocumentationEditorPane.java:126)
	at com.intellij.lang.documentation.ide.ui.DocumentationUI.updateContent(DocumentationUI.kt:272)
	at com.intellij.lang.documentation.ide.ui.DocumentationUI.handleContent(DocumentationUI.kt:233)
	at com.intellij.lang.documentation.ide.ui.DocumentationUI.handleContent(DocumentationUI.kt:223)
	at com.intellij.lang.documentation.ide.ui.DocumentationUI.access$handleContent(DocumentationUI.kt:53)
	at com.intellij.lang.documentation.ide.ui.DocumentationUI$handlePage$2.invokeSuspend(DocumentationUI.kt:195)
	at com.intellij.lang.documentation.ide.ui.DocumentationUI$handlePage$2.invoke(DocumentationUI.kt)
	at com.intellij.lang.documentation.ide.ui.DocumentationUI$handlePage$2.invoke(DocumentationUI.kt)
	at kotlinx.coroutines.flow.FlowKt__MergeKt$mapLatest$1.invokeSuspend(Merge.kt:217)
	at kotlinx.coroutines.flow.FlowKt__MergeKt$mapLatest$1.invoke(Merge.kt)
	at kotlinx.coroutines.flow.FlowKt__MergeKt$mapLatest$1.invoke(Merge.kt)
	at kotlinx.coroutines.flow.internal.ChannelFlowTransformLatest$flowCollect$3$1$2.invokeSuspend(Merge.kt:34)
	at kotlinx.coroutines.flow.internal.ChannelFlowTransformLatest$flowCollect$3$1$2.invoke(Merge.kt)
	at kotlinx.coroutines.flow.internal.ChannelFlowTransformLatest$flowCollect$3$1$2.invoke(Merge.kt)
	at kotlinx.coroutines.intrinsics.UndispatchedKt.startCoroutineUndispatched(Undispatched.kt:44)
	at kotlinx.coroutines.CoroutineStart.invoke(CoroutineStart.kt:112)
	at kotlinx.coroutines.AbstractCoroutine.start(AbstractCoroutine.kt:126)
	at kotlinx.coroutines.BuildersKt__Builders_commonKt.launch(Builders.common.kt:56)
	at kotlinx.coroutines.BuildersKt.launch(Unknown Source)
	at kotlinx.coroutines.BuildersKt__Builders_commonKt.launch$default(Builders.common.kt:47)
	at kotlinx.coroutines.BuildersKt.launch$default(Unknown Source)
	at kotlinx.coroutines.flow.internal.ChannelFlowTransformLatest$flowCollect$3$1.emit(Merge.kt:33)
	at kotlinx.coroutines.flow.internal.ChannelFlowTransformLatest$flowCollect$3$1$emit$1.invokeSuspend(Merge.kt)
	at kotlin.coroutines.jvm.internal.BaseContinuationImpl.resumeWith(ContinuationImpl.kt:33)
	at kotlinx.coroutines.DispatchedTask.run(DispatchedTask.kt:108)
	at com.intellij.openapi.application.impl.DispatchedRunnable.run(DispatchedRunnable.kt:43)
	at com.intellij.openapi.application.TransactionGuardImpl.runWithWritingAllowed(TransactionGuardImpl.java:209)
	at com.intellij.openapi.application.TransactionGuardImpl.access$100(TransactionGuardImpl.java:22)
	at com.intellij.openapi.application.TransactionGuardImpl$1.run(TransactionGuardImpl.java:191)
	at com.intellij.openapi.application.impl.RwLockHolder.runIntendedWriteActionOnCurrentThread(RwLockHolder.kt:204)
	at com.intellij.openapi.application.impl.ApplicationImpl.runIntendedWriteActionOnCurrentThread(ApplicationImpl.java:830)
	at com.intellij.openapi.application.impl.ApplicationImpl$2.run(ApplicationImpl.java:419)
	at com.intellij.openapi.application.impl.RwLockHolder.runWithEnabledImplicitRead(RwLockHolder.kt:138)
	at com.intellij.openapi.application.impl.RwLockHolder.runWithImplicitRead(RwLockHolder.kt:129)
	at com.intellij.openapi.application.impl.ApplicationImpl.runWithImplicitRead(ApplicationImpl.java:1152)
	at com.intellij.openapi.application.impl.FlushQueue.doRun(FlushQueue.java:81)
	at com.intellij.openapi.application.impl.FlushQueue.runNextEvent(FlushQueue.java:123)
	at com.intellij.openapi.application.impl.FlushQueue.flushNow(FlushQueue.java:43)
	at java.desktop/java.awt.event.InvocationEvent.dispatch(InvocationEvent.java:318)
	at java.desktop/java.awt.EventQueue.dispatchEventImpl(EventQueue.java:792)
	at java.desktop/java.awt.EventQueue$3.run(EventQueue.java:739)
	at java.desktop/java.awt.EventQueue$3.run(EventQueue.java:733)
	at java.base/java.security.AccessController.doPrivileged(AccessController.java:399)
	at java.base/java.security.ProtectionDomain$JavaSecurityAccessImpl.doIntersectionPrivilege(ProtectionDomain.java:86)
	at java.desktop/java.awt.EventQueue.dispatchEvent(EventQueue.java:761)
	at com.intellij.ide.IdeEventQueue.defaultDispatchEvent(IdeEventQueue.kt:699)
	at com.intellij.ide.IdeEventQueue._dispatchEvent$lambda$12(IdeEventQueue.kt:593)
	at com.intellij.openapi.application.impl.RwLockHolder.runWithoutImplicitRead(RwLockHolder.kt:105)
	at com.intellij.ide.IdeEventQueue._dispatchEvent(IdeEventQueue.kt:593)
	at com.intellij.ide.IdeEventQueue.access$_dispatchEvent(IdeEventQueue.kt:77)
	at com.intellij.ide.IdeEventQueue$dispatchEvent$processEventRunnable$1$1$1.compute(IdeEventQueue.kt:362)
	at com.intellij.ide.IdeEventQueue$dispatchEvent$processEventRunnable$1$1$1.compute(IdeEventQueue.kt:361)
	at com.intellij.openapi.progress.impl.CoreProgressManager.computePrioritized(CoreProgressManager.java:843)
	at com.intellij.ide.IdeEventQueue$dispatchEvent$processEventRunnable$1$1.invoke(IdeEventQueue.kt:361)
	at com.intellij.ide.IdeEventQueue$dispatchEvent$processEventRunnable$1$1.invoke(IdeEventQueue.kt:356)
	at com.intellij.ide.IdeEventQueueKt.performActivity$lambda$1(IdeEventQueue.kt:1022)
	at com.intellij.openapi.application.TransactionGuardImpl.performActivity(TransactionGuardImpl.java:106)
	at com.intellij.ide.IdeEventQueueKt.performActivity(IdeEventQueue.kt:1022)
	at com.intellij.ide.IdeEventQueue.dispatchEvent$lambda$7(IdeEventQueue.kt:356)
	at com.intellij.openapi.application.impl.RwLockHolder.runIntendedWriteActionOnCurrentThread(RwLockHolder.kt:209)
	at com.intellij.openapi.application.impl.ApplicationImpl.runIntendedWriteActionOnCurrentThread(ApplicationImpl.java:830)
	at com.intellij.ide.IdeEventQueue.dispatchEvent(IdeEventQueue.kt:398)
	at java.desktop/java.awt.EventDispatchThread.pumpOneEventForFilters(EventDispatchThread.java:207)
	at java.desktop/java.awt.EventDispatchThread.pumpEventsForFilter(EventDispatchThread.java:128)
	at java.desktop/java.awt.EventDispatchThread.pumpEventsForHierarchy(EventDispatchThread.java:117)
	at java.desktop/java.awt.EventDispatchThread.pumpEvents(EventDispatchThread.java:113)
	at java.desktop/java.awt.EventDispatchThread.pumpEvents(EventDispatchThread.java:105)
	at java.desktop/java.awt.EventDispatchThread.run(EventDispatchThread.java:92)
2024-09-21 08:54:53,523 [87599523]   WARN - #c.i.i.IdeEventQueue - System clock's jumped back by ~1 sec
=======
WARN: <resource-bundle>com.jetbrains.webstorm.WebstormBundle</resource-bundle> tag is found in an xml descriptor included into the platform part of the IDE but the platform part uses predefined bundles (e.g. ActionsBundle for actions) anyway; this tag must be replaced by a corresponding attribute in some inner tags (e.g. by 'resource-bundle' attribute in 'actions' tag)
>>>>>>> 5a2519a4f0f5306bb2c3b5c6aca40b72a9a1bfba
